22 6680 1673 1614 6872 1687 9028 4262 2033 4537 5583 5998 4421 7823 3376 9949 5825 3476 9211 9653 8215 6907 5742 
22 847 8067 8518 3443 9629 6738 9777 5460 1909 5218 7286 4527 9572 3114 5359 4626 2551 1364 6562 8913 4569 5444 
25 6505 8637 8112 3806 5246 6292 2109 5605 2504 9707 7619 7331 5288 8832 4505 9054 4963 6201 6380 9493 7903 3173 8153 6817 9921 
21 3322 2505 9012 9368 9893 6189 5885 2129 5135 4035 9879 5750 673 4826 8195 3927 5486 5949 1663 155 9076 
23 1895 6971 5040 2650 8042 7580 8074 337 9306 5755 190 1167 1672 5132 9082 6106 7265 8294 1697 6015 1894 7703 5985 
21 1925 349 7158 6816 2962 1029 1674 2864 7093 3553 6866 8477 3968 5190 3167 3015 1156 6678 9648 3633 8245 
25 9415 3873 827 9698 8076 6585 5026 8022 8383 8092 6048 8724 724 4821 5483 2048 5712 9191 5097 6819 6962 6035 3752 7363 9072 
21 4608 3906 3064 5514 6453 7261 5188 4738 204 4488 4279 7132 567 6037 7173 8870 8410 6301 2729 8244 8047 
25 8551 2245 4866 7955 3772 9545 9417 5204 616 810 5129 5387 6959 518 9679 1588 150 5823 7589 6198 2462 706 6116 18 1426 
21 3056 2304 1680 2367 9310 4250 9923 5508 3846 8489 5386 5807 9689 5092 4532 377 4666 2018 9741 1652 4604 
27 825 9086 896 9730 2208 4742 5795 8775 3993 1911 5722 4425 4771 4126 5682 6954 3544 9118 3535 1380 9061 5236 7291 8471 9586 702 3111 
30 8267 463 1653 7418 4783 9857 2521 5413 3538 7748 407 2260 9498 7829 2094 2275 7428 9193 8336 8037 4284 3837 5496 1298 8056 4614 2247 8251 5325 7433 
27 9694 9936 1072 9141 980 8002 6858 4694 4874 9323 3701 6549 1230 1571 420 6419 330 3954 4254 4344 6019 161 7504 7342 6291 2191 2430 
22 2373 7493 5681 8656 7552 7953 9907 3007 4234 1824 9206 2165 5623 2979 505 5405 1377 2063 3534 7989 3008 8553 
18 8722 5452 4593 8222 4430 8601 2059 4828 9606 4388 8852 9939 7393 8147 9540 4436 6564 4580 
24 7942 9618 8569 9312 5867 8105 278 8930 570 5659 1097 9259 7244 1960 5258 3704 7139 7446 2344 5485 8281 7337 1427 4793 
24 2707 2862 4512 5613 1263 9305 123 6975 7726 2673 3319 7345 2389 2750 5529 5095 173 1946 5268 1371 4381 6462 1676 9451 
30 8991 3391 9075 1345 697 7221 7481 2235 4376 1449 9208 8066 6963 705 24 1966 2195 5002 8765 9157 9119 3394 9524 3637 7340 7884 2031 3850 9462 6090 
21 5557 2646 9568 6216 4685 5194 7644 5729 8847 3838 277 1752 8774 2316 6768 425 762 698 6066 7146 1356 
21 4000 7186 3262 4460 2787 9240 6737 8203 3344 4263 3625 8611 1853 6172 2731 8414 4314 1699 6972 1821 835 
20 3496 8210 2643 5148 5075 6778 6487 1212 5004 4817 4306 3099 9010 7710 79 6300 7610 8170 1947 7815 
19 6320 7205 5319 3349 5423 6360 5219 1830 5402 5872 5030 196 6229 9124 3609 9770 1554 3297 1776 
25 8680 7133 3646 5027 913 8308 3139 2802 4888 8504 9993 4268 3106 489 96 2597 1805 7042 9677 2550 9567 9755 2142 8958 7528 
22 3506 6719 4462 2479 1996 6423 7765 7912 7870 7276 6948 1338 176 8417 8475 694 1126 1327 2645 9547 4100 251 
22 6845 6651 963 2641 3083 7821 6639 3094 3657 3832 7938 9818 2006 7317 4693 9324 2379 8609 2809 7579 5391 9372 
22 7010 1884 968 88 5586 5227 5318 414 3497 4907 6265 4664 2347 1238 1833 4116 8909 4691 5066 9826 4753 5646 
24 1542 4958 6829 2157 7396 6231 1801 6110 4525 9975 5333 3480 3943 7466 9410 8734 4049 2702 2715 4274 7699 4854 8297 2866 
27 309 4109 5249 6754 8093 5119 6997 4800 246 5905 6863 7746 1395 6107 2469 3888 341 5206 8451 2596 9042 5962 2931 5684 3703 1642 1998 
26 3828 956 7369 7715 729 5177 2250 6375 7185 8140 1224 6339 3974 833 4974 9990 8020 3318 3387 9507 2964 9542 3229 6873 4830 1140 
23 2876 9972 4566 6310 3285 8638 3164 6658 6461 9262 5451 9412 8286 8880 8715 5495 1802 7452 4240 4877 7094 7368 454 
23 7929 7287 4905 5355 8034 1272 625 4831 6715 1648 8476 117 7677 8608 3482 235 7693 8224 1456 849 1579 5734 7684 
28 8672 8577 4044 6001 6712 8146 797 2665 7961 5261 4943 4695 5521 6237 1725 7701 1859 3171 2903 5904 1732 4516 3523 78 2907 4751 3504 6319 
23 2935 4458 2141 596 6289 6144 1612 2565 69 2585 4354 6983 9481 1964 1962 2327 3235 8610 9180 4599 7031 8564 5975 
23 885 9149 5337 8961 9132 1122 7973 1951 2105 2875 859 8856 8027 1112 8651 5115 3029 4159 5563 9100 2162 8239 4465 
23 3345 4515 6097 6764 8647 1691 6187 9331 4291 3605 9288 5677 6984 4615 6157 6594 3835 9278 8534 539 4950 7153 2660 
23 1592 2625 728 8101 4451 6448 5081 4567 95 328 3675 3555 9013 9358 5203 7430 6118 3419 4539 9322 631 1439 5950 
23 8021 7394 3698 8692 6689 171 7361 7211 716 6411 4997 9276 5678 1558 8573 4040 607 8395 7191 6999 538 3227 1459 
26 2414 8228 7323 7326 4534 8164 9632 5476 2616 3753 9866 6969 803 9219 5385 6230 9896 3597 2289 3356 3300 5946 1464 8356 8704 3388 
24 6690 7045 8269 110 206 4489 8612 2536 7670 2860 1302 9411 1941 2271 1448 7017 3750 9576 9587 8566 7898 4281 4900 5891 
28 3120 228 9472 292 851 5180 9853 9971 3352 5591 5007 8280 1596 9785 5706 4786 3149 8349 74 8122 9068 5465 8745 6674 4758 5898 4275 1061 
27 4194 8925 6497 9850 6347 1417 3306 2520 9490 6970 6784 6092 5055 4132 8445 1259 4928 2797 326 7846 3680 9501 435 2984 1354 8718 5969 
25 2784 9766 953 1353 9203 4487 8691 7508 6275 7249 9640 9477 3918 6021 5894 1693 9353 7226 4423 8720 8016 7071 7782 9986 5071 
22 1195 5160 2072 8831 4702 910 5799 3073 4851 4892 1948 7786 3266 9561 6006 5579 5433 1409 6349 9883 9649 5344 
24 8307 7740 7313 1391 5741 1926 4711 4765 4960 8313 9018 1443 5265 7264 8241 4133 6023 2131 4852 9379 7744 8121 8881 5621 
24 7021 1179 2576 7907 8882 7431 8175 8152 8910 4163 2501 732 9291 8366 8868 4269 4705 6572 1262 6005 4965 5556 5910 4420 
30 6334 8521 6196 5209 6488 3606 3843 3097 9805 7349 7702 3913 6073 50 9797 2150 4781 1010 9263 2823 1770 9413 737 2762 2795 9089 2773 4624 6214 137 
22 1568 9378 9753 2341 782 2655 9574 1616 7851 32 3279 2716 2244 1868 7833 348 6121 6405 3050 4925 589 4736 
25 7633 1593 1066 1719 2140 1774 9185 5817 3575 6407 2301 2151 3248 1639 4724 3599 1556 1169 4595 5572 4835 5819 5580 688 8402 
24 498 7003 4789 4026 8733 1079 5902 3545 3486 3665 9703 7532 3721 8498 2332 5753 8323 9314 424 5146 1703 2698 8348 3755 
28 7328 1972 4348 3348 1798 4531 8763 1184 4778 2365 3177 5866 3793 9911 9963 5584 5835 2060 9676 8277 5078 3222 4712 9843 7511 7630 7771 4818 
18 6547 941 7901 5789 3489 395 1514 1343 5049 3904 4136 1282 1260 7174 2338 784 7218 4471 
26 5663 5353 154 531 6570 4801 9309 9539 1398 906 6027 8642 4196 949 8316 4904 1649 9170 7268 1253 8849 1935 4072 9147 4127 2445 
23 1300 8243 8669 8169 4883 853 8800 1576 9573 405 7456 9043 2351 4623 2257 1930 8274 6736 3273 717 5021 5877 6855 
22 1219 2067 5800 1245 1601 3109 655 6034 7266 6771 1985 8514 3428 2017 5031 844 964 8064 2284 1842 8070 6910 
23 5651 2674 7400 5869 8957 1248 7220 6095 3562 9181 2953 7333 8287 2564 3079 1754 1921 5161 9961 1806 685 5828 5954 
21 1508 9404 6638 8769 373 4055 2568 8631 8778 1264 1671 6559 4656 1694 1961 9815 7634 4172 4773 5365 3767 
22 3563 5276 9813 104 1728 2114 5731 6746 7058 8485 6721 416 6555 7941 5001 9998 2820 3643 8298 2461 7662 2591 
26 6905 6458 997 3761 9871 6307 2228 4739 924 6619 9499 2438 676 6153 7149 8436 3204 4099 201 6580 8785 4141 5827 2844 2481 3508 
27 5395 7442 8166 1491 9776 177 6749 8707 107 4707 5077 2456 1185 6741 5121 2801 6967 8300 3719 6313 163 5756 3688 8623 3020 8319 3288 
24 5957 7755 2190 3886 1578 1784 1242 3302 5560 2932 9514 9775 9198 8040 1541 8051 7080 9909 9721 7960 8739 7330 2269 8824 
27 8737 8012 7232 9016 6878 4917 2601 5715 8698 8350 5871 5990 8157 4743 138 3176 5878 6069 6221 4298 9448 6287 4173 1983 141 5764 6600 
28 7254 4155 9401 5195 2817 8378 7480 4179 6906 5042 8977 2910 282 3189 9800 5718 6393 7881 8721 929 7682 1591 2769 5106 4788 8344 1586 8111 
25 7783 20 8544 7566 1441 1244 4732 1458 3403 1848 5587 2942 3586 4 344 9052 7388 4061 3310 3051 7892 7150 5597 2851 229 
28 2179 8850 6579 1532 1312 370 3332 5958 4195 575 1454 2965 3450 7759 7377 3746 9812 5503 7427 9457 6108 220 2144 7775 446 7650 6382 4949 
28 606 480 5473 4833 5422 7608 2588 725 4749 3712 5534 1329 7072 8668 627 1211 7551 9598 1569 9230 9465 4906 3980 2100 1341 4286 4373 3086 
28 2925 3093 1019 1136 6842 2 9419 9492 8695 2175 4571 2912 9706 7462 9177 3194 6064 965 5417 6119 2119 2246 1816 5622 6371 8936 2896 1880 
3 1529 174 8000 
19 2882 103 6288 6714 3801 3187 3749 2594 8867 2850 2329 8078 1858 2908 8182 8840 1814 6060 9569 
28 4085 523 2626 2804 8392 623 4094 3872 6599 6479 4660 9916 586 1496 9189 261 7029 9210 6176 7629 7875 3429 996 5347 4735 2070 5593 3705 
29 3815 3244 2699 2391 4129 2924 5548 5368 8713 3329 6944 1201 7491 5832 1650 7958 7086 371 7240 1627 5625 226 1390 9699 2478 6526 2858 8202 1037 
23 2118 7883 5879 5335 695 2253 7888 6601 2732 7415 3909 7386 6802 9454 7048 5116 6832 2792 7437 2487 7000 4419 773 
19 5639 577 1420 3025 6900 1004 9641 9494 5550 7871 6242 2333 6279 3591 6932 1564 6755 1878 894 
24 3556 8582 781 9560 1892 9473 8783 954 5397 7032 7998 4455 699 2019 5324 6344 1221 4134 8072 1939 6075 7280 609 4006 
25 2417 743 1032 9536 3673 897 3058 4331 279 8435 8327 7915 5390 1762 6468 5208 6577 9435 450 883 3022 6567 8606 71 3341 
22 2145 1534 6254 6713 100 6351 6330 6385 6258 1730 4822 2978 125 8265 5357 2512 3169 1 9856 9687 8900 9579 
27 4045 4440 7022 7564 3622 2775 4223 6111 1669 9134 5989 5466 5172 2372 6637 5696 8053 7983 5698 6949 8193 2763 5201 3676 2680 4953 935 
28 930 9799 8324 9196 3336 4795 6920 7091 9070 5888 6641 5267 9809 8636 8438 5601 9187 8786 5896 5993 6235 7513 8843 7623 5850 7986 5211 7482 
31 8732 5424 8145 806 9414 3878 4618 9825 5089 6194 8781 3037 2174 6950 7124 7869 1191 4273 1379 2579 3551 8358 1735 9373 5414 9140 9081 10 9903 5662 350 
27 3532 8789 3871 4185 118 2398 2606 1279 6219 5162 4927 5459 5791 7586 2997 5929 5143 5670 2156 4754 8370 4872 4901 8805 464 6416 4058 
21 8663 9727 9704 8305 2990 1309 5775 5609 6396 4165 5034 8640 7009 9487 556 3143 7872 6880 3492 813 8422 
29 9233 993 3724 3299 3378 5200 5814 6007 7685 2062 3961 6422 4954 9634 3463 8841 8741 6180 5056 3375 9583 7416 4169 3651 1199 5373 4820 5669 9693 
27 4718 7839 8674 3462 3854 3105 8225 711 5393 735 8955 1324 2496 2611 5959 4579 2229 6938 8964 2111 973 5279 6681 2911 26 1132 923 
25 470 472 1822 7199 8213 4731 1577 49 5372 7435 4589 8570 7813 932 7879 8409 3782 839 242 267 4600 5340 3669 3848 2669 
31 5606 169 5947 2600 739 5488 2659 8075 4526 68 6507 8427 6392 8043 4446 248 5574 5443 6902 659 2552 2724 5943 9556 5541 2534 7410 7250 5635 7152 6686 
25 6843 4535 6469 5277 937 541 5301 7543 7060 5029 9941 6151 2745 5199 2714 4692 887 2916 9176 7065 3864 6085 2509 1322 408 
23 836 5069 5564 151 934 4226 2259 878 7908 1003 5527 2279 9789 3856 944 4926 6054 2416 1042 4431 8325 2893 4405 
22 7519 4374 9733 4669 7857 3777 2571 9782 6373 6565 4090 3640 9333 8405 7979 9225 6946 3852 2037 2902 6306 1789 
26 9237 678 6992 1567 8171 5456 8926 5028 7550 4780 4096 1437 8369 572 3231 936 6573 4060 409 380 3076 4857 7850 6518 6514 3027 
25 59 3110 3817 62 1644 2213 8635 2023 5329 275 8018 2899 1052 5981 7202 2788 4158 2401 247 2133 5293 8441 3081 1610 2212 
27 3175 9783 1886 7681 4552 4601 8491 8044 649 2776 6584 4137 9350 2868 2779 5109 9423 2883 3072 9051 8731 9389 1074 1144 4496 1705 388 
28 6370 7178 9982 7238 7602 7111 3314 1404 6780 2159 2404 9523 1540 2854 3671 3305 3756 7455 3466 1274 1797 1239 2230 6420 1024 9497 4952 5169 
27 818 1278 621 2108 6739 6299 529 8159 9169 1733 720 1271 1055 3819 2293 7897 2097 3764 9912 8917 5917 2567 6014 6563 2589 3265 9910 
22 5126 9643 3880 7008 3410 8443 512 2748 1235 8155 9488 8658 3481 6312 7614 428 8508 4932 8619 4812 995 5903 
23 674 1048 3000 3803 5744 3128 9918 5464 3969 4384 4153 9034 5362 634 4998 1299 8752 6426 4207 7524 8304 3742 5334 
25 6981 4478 3628 5271 9188 7573 3033 219 5086 2361 2555 1549 7841 434 6267 8238 3004 9619 6323 2324 3347 7189 6 6614 9346 
26 7583 5448 7161 9371 545 4016 8321 4276 1910 2419 8 5963 3939 6731 3768 1383 9620 8165 3137 5241 5500 6947 6543 1918 6348 2528 
22 6065 1999 2013 2339 260 7166 5779 6593 2533 6086 7606 1080 2869 7364 3303 1096 1093 805 5287 7516 9943 594 
19 3773 7812 4257 224 7717 2409 7831 3660 4767 2752 6955 4182 2987 9175 7143 881 7988 2298 2615 
23 8877 1841 3616 3002 5846 9202 5388 7454 5321 8124 7648 8915 7160 3228 6561 5549 1915 5238 3917 2433 5830 2214 6793 
25 1296 8594 1125 9348 1738 731 1291 234 9136 1361 7489 2839 5058 2464 4243 1472 8615 1987 5401 4339 2913 9512 9924 8276 4476 
27 6328 4248 4259 6390 3182 5702 5497 2268 4445 6568 9297 5196 307 4611 5680 4395 2691 5375 2685 9103 3947 3199 8923 2330 5064 3438 3827 
23 8590 7131 2992 6374 9942 1826 4607 1595 6734 981 7787 4167 90 8026 8927 7951 4362 1365 5306 8468 4730 5851 8886 
3 1626 8330 9803 
25 1494 9164 4670 2960 9391 3511 3003 9956 7965 5280 3765 907 3157 9549 2566 5225 2721 2488 8226 1005 2134 7488 5561 9160 2649 
4 7347 2486 7113 978 
22 1940 8131 8060 1336 3581 2022 6933 692 2634 1218 7492 5772 3991 9594 5640 1764 1942 7036 2491 1102 977 5140 
25 4668 8439 6394 5302 2143 2449 1134 9926 3930 9683 4923 5047 509 7848 7959 4066 3206 4322 8359 3478 1474 880 4174 3650 9359 
24 8398 8013 4382 2158 3495 9778 1581 2278 4667 2366 1544 9500 1504 6701 8962 1622 6535 1794 7459 8525 8194 723 8726 3272 
21 2926 6718 4912 2309 2493 5595 2489 9654 9017 9470 9930 7826 2036 4686 8332 5053 2867 8334 7854 5470 9519 
27 252 9014 8804 9696 9334 2185 6364 2238 4873 6008 9080 1392 7163 7856 3361 3783 4368 9064 2886 9266 2929 2811 9238 951 8759 2337 4181 
22 6315 197 7526 1161 5304 8033 6918 9190 4359 5571 5839 1315 7027 4375 4461 9660 7719 3952 2936 6127 1744 7600 
27 3937 3458 8942 9510 119 5438 358 9022 9165 4627 9554 4392 5057 1306 7179 2948 2181 4766 7282 3223 1397 6578 6935 4832 7536 5479 8430 
24 4875 1530 1829 4935 5875 7084 4178 5512 2355 4677 447 7004 780 8813 5616 513 7793 6898 5048 535 6511 5250 332 4469 
22 2922 8655 5727 4706 802 3577 6444 8041 1083 9330 4834 5144 9167 3468 3600 5912 2428 1536 9578 6470 742 8727 
23 4785 9045 7272 925 7486 2362 6853 3798 1277 4621 2941 9227 4891 8643 1765 3494 6899 1831 4929 3634 7556 8568 3507 
27 7825 6996 3923 8524 9746 7406 2766 8543 2429 9725 9469 2005 1141 7338 333 461 8945 2233 1636 843 3736 4335 8538 4147 3620 7947 7760 
27 8396 7824 6508 7474 8109 3569 5956 9610 862 8289 6867 8296 630 1075 3425 2455 9670 1539 1839 4996 6823 6324 4261 8412 5260 4438 4868 
24 9901 8802 5942 1714 7639 7920 5085 5685 3150 5455 1809 8001 3789 3925 5354 7472 9154 8572 1655 4808 4625 3570 1959 5343 
26 5841 4253 9950 1372 5901 4396 3411 6171 4372 7294 423 5504 4620 5453 7253 5748 1249 5019 8384 7425 4876 7334 272 2523 3061 3246 
21 4991 19 6491 7012 7395 573 5235 2468 4647 4533 7085 5539 5582 1187 5836 1060 3125 2670 8113 4470 2502 
22 8782 9994 2188 8106 6047 8494 3406 536 5826 6379 3036 6043 5884 648 8206 5960 34 5166 9608 2852 5732 389 
23 5603 3950 7449 5938 6283 172 3666 1731 945 4463 9709 1174 5428 6447 8557 7731 1155 6729 4672 1747 6484 5141 2620 
29 9719 8499 7865 8985 4399 3509 2662 1057 5543 8869 2068 4517 9521 4661 7529 7785 5231 8650 4994 4937 9764 6775 8179 2627 7130 2021 3699 3091 2736 
25 1967 6833 452 2425 1952 7611 7336 6770 5768 6136 6240 3131 9940 3763 9855 4028 9984 6953 1176 2877 1979 1777 5509 8762 9601 
29 2193 9944 8046 2352 3795 2863 519 5490 2605 9959 6159 1401 3108 4638 5369 4871 9139 4413 4961 4770 7523 9790 3592 8757 1342 5737 2315 6616 798 
24 1013 3153 7305 1165 4955 1151 8211 6968 2211 6080 2780 3804 5760 4095 2081 9858 6368 4675 7799 6169 1931 9664 2642 7068 
23 8406 3126 6446 5189 381 5406 1434 8486 6957 5435 6604 3451 3513 1710 1573 5638 8971 5087 1919 3741 8249 2582 5578 
24 4650 3077 3065 3626 4110 7465 3009 1082 436 2871 7646 5645 5545 8846 361 502 9791 5747 9056 9307 979 2300 9682 6499 
26 5936 9882 6828 5538 8059 6777 1696 1106 1761 4966 4578 7991 1292 7858 7889 1499 2107 6164 2986 1098 8767 9102 1033 4051 8230 8605 
25 690 4986 8981 6296 2038 2387 4545 9595 4993 4755 5770 6263 4549 7445 6612 855 2940 7802 2466 2234 6282 5676 3277 4432 8793 
21 2612 2383 3946 4013 5655 6434 1471 238 4610 931 1198 4164 7665 4365 7038 2334 6032 7520 3432 4939 7671 
28 8865 8005 5256 142 1632 9248 6215 5310 7708 966 7300 4097 6168 7636 9738 6589 5837 823 2672 808 6874 4063 2937 8506 7558 438 3320 492 
19 8949 8784 181 1580 1600 2943 5507 126 1519 5577 6044 4311 7496 561 6792 9004 1303 9478 3389 
22 2529 7269 7112 2432 6036 3024 7640 2807 2544 812 4944 1982 9037 6979 8487 5130 774 3118 5248 7316 1180 9914 
29 1375 7473 8261 5535 3401 3658 128 7698 5131 4792 6199 7140 9680 8989 9386 5873 5788 6418 6927 6977 8260 6627 3044 6566 3454 744 7510 81 2541 
27 3474 8185 8639 591 3133 6871 4216 399 3744 3884 8382 6149 7694 1468 2743 4616 402 5688 2477 8893 7297 7954 1702 6545 5431 31 7501 
24 507 6703 1716 5242 5863 6608 4278 2708 1332 4308 7628 6451 9293 5926 1413 9214 6038 4030 9220 6427 2110 7195 2857 3824 
27 1870 2307 1133 3460 7689 8285 214 5765 3554 3151 4290 7631 571 7258 7797 5440 9559 4093 7192 1991 4210 6475 5618 4204 7497 301 9515 
30 8625 7159 3851 4787 5818 9517 1043 4293 8916 8567 2671 4999 7283 3078 9614 3529 2814 6668 6698 7135 1737 6432 4386 2703 8614 2354 3794 7157 6099 8946 
25 2914 7339 3522 5165 4553 5079 5600 1523 8873 2975 3082 3501 7769 2756 426 5482 363 2796 1749 6249 6155 4380 6114 9663 8788 
17 8290 6363 5588 6022 5358 1804 3998 9302 6302 9290 5703 5624 3159 8940 1087 2476 9252 
26 6982 1275 1489 5175 3875 6799 8555 335 8983 6266 8558 413 3892 8969 2197 3342 4654 3612 1522 7413 8687 7757 8885 1709 8048 25 
23 1064 38 86 3518 1608 8209 7137 7969 2437 1587 6186 4324 7798 8181 187 3547 9431 4140 6276 5652 4678 6225 4065 
21 8009 9318 626 170 4790 7922 7016 4091 3839 1237 2761 2652 3813 9885 2413 7563 1759 9321 8902 1513 5919 
23 5342 4103 5273 8419 2971 4124 2231 1352 9597 1182 2961 392 7011 7931 8011 7706 6677 8108 9513 9092 2173 3439 3225 
22 7069 2810 6192 9430 7335 9934 7656 983 9650 1511 3183 9863 6474 3953 3730 1700 2865 1773 7241 4005 6581 4559 
24 5893 7910 583 8262 2891 2813 9023 7082 3769 3412 5752 8801 8456 2827 2460 7807 9593 9029 4942 6074 9270 7193 8073 6610 
22 2492 1509 7814 4714 3858 5220 3617 4429 6388 4886 3656 2586 998 9268 9374 191 9484 8561 5098 3368 1021 1855 
24 8584 7188 4474 9759 3152 8442 8675 1552 7507 7423 8376 6077 6175 9527 3928 9582 1287 4416 1689 1537 7259 4584 1289 3178 
23 3808 8589 3602 6587 3461 7874 5719 9085 46 5487 3317 7642 7366 7625 5366 1236 6788 7285 21 4345 5518 9672 8139 
25 8352 4813 7144 4869 9 4643 2640 7040 3596 2558 1290 8008 87 1044 2946 9362 4658 4221 8512 2264 3210 3679 6884 1551 8433 
23 1193 9036 3520 821 4217 7977 1068 2422 7129 3011 1360 9529 1128 9867 4975 4256 6142 2995 8659 1051 4934 4122 3635 
29 8533 8834 9717 4916 2963 2065 7138 479 3983 2956 8686 6045 7637 5728 2859 8770 9120 4989 6990 9711 1914 6096 3219 5 1969 393 2283 9338 584 
28 5966 8644 9096 8428 404 2688 8871 1547 4631 955 9223 7359 7500 5522 2613 9734 8812 8160 398 5739 3792 8851 8665 5785 5650 7275 3926 23 
21 3119 668 8901 1150 1965 1070 5083 4652 7044 9820 4053 8266 7358 4353 6410 3221 3034 9112 2474 6717 9528 
24 8085 6590 8362 7873 9968 6707 5367 2623 3107 9917 4289 4104 2828 9172 8177 3122 4112 3526 9647 2694 207 5412 5062 6762 
29 8282 485 2210 6496 1348 3203 917 2789 6528 7984 5419 8907 7360 9875 7618 3263 3945 9557 8466 1746 3899 7503 7187 601 3533 442 488 5197 8546 
23 1799 2044 7306 6767 149 2394 6277 1543 8970 738 1183 9558 1741 271 1025 5581 2353 921 5094 5801 3957 329 9287 
22 6041 4304 7545 7292 8911 8516 3437 4424 4270 8495 8685 8407 1457 4272 2993 3019 2668 763 7210 1780 2411 7362 
22 3865 1718 2328 1062 7791 886 4342 4156 7298 3096 9900 7876 4168 2415 487 9552 1086 1766 8836 4779 7971 2463 
25 9577 7776 759 5944 6025 5110 1637 7081 8527 2305 1782 8972 6941 422 2535 5207 5970 9762 787 354 33 6877 8822 9548 3312 
23 6435 8776 2515 6804 9802 3860 5297 4448 2973 1076 7175 5797 9801 1760 6134 5501 902 1432 2815 1623 9810 6365 4941 
2 8730 3729 
24 7070 3931 4617 7886 6706 8216 7834 9235 6308 1127 9319 4988 6864 7674 4409 2011 4108 6093 6790 4176 7673 8188 952 6207 
22 8189 7092 6236 1938 2584 6774 5627 4486 6130 473 7843 3970 7183 629 6978 3013 1634 3360 8010 1252 6256 9636 
24 83 3781 7026 1881 2187 3484 5068 8315 3062 453 4347 347 7273 3595 65 7622 82 115 990 9062 2483 6501 243 5821 
27 1528 3933 357 6629 3670 2904 9370 9406 1989 3610 546 6522 8257 1862 1955 7209 6188 4964 1378 4683 8701 1864 8019 3512 6173 4763 5498 
26 8180 1647 2770 1210 5112 6671 3706 4682 9870 3896 6353 1374 7443 506 3775 6553 6070 3485 4659 9151 1975 8218 6248 4936 5384 2359 
27 4371 6425 4619 5713 2590 2113 4102 1366 1667 7963 6551 9091 5145 2725 7214 9965 1531 5432 8987 9731 3374 5971 7811 3940 8999 4320 3936 
23 6615 858 2526 642 213 4410 460 7695 342 3084 5792 5631 120 8114 5352 8618 2968 6078 5017 1056 2608 9865 1284 
22 1385 4930 3148 9932 3807 9285 2741 5214 9128 5862 2291 999 7590 2002 3644 8374 54 5010 7878 8207 285 7483 
26 5520 3770 2363 9476 8219 2130 9104 6490 2531 1257 1611 6985 2994 4745 5530 9194 5632 5945 1028 2050 134 9381 9152 985 6692 7061 
26 501 4870 6998 2403 2950 7950 8502 2085 3129 3172 8363 7451 1887 4370 2798 4503 4472 4938 4003 9908 4154 614 216 1875 5255 1246 
27 1883 3459 2267 8621 8980 5860 273 7803 2039 2223 7378 2441 6613 300 9518 969 8760 254 8875 9822 3941 5374 1715 1818 867 440 5813 
24 7303 4564 6209 1340 5308 7542 8457 8098 9980 7770 8385 8768 5978 1518 5314 5396 458 6530 6148 8331 2697 2368 7127 1027 
27 6105 1101 8163 4186 4920 689 7604 5411 9173 9440 8116 6137 2256 316 2692 4576 9317 1954 1436 3681 2069 8082 6152 8862 7546 7609 884 
28 779 1557 5205 6705 5399 9074 9114 4161 3885 2276 9794 4560 1619 1050 3351 8333 1139 7230 2728 4680 4242 7461 669 8162 7014 3959 8632 1785 
24 6560 2325 124 1387 6029 9781 1856 3424 9684 9125 6359 1189 3914 5992 987 7801 3690 9159 2894 3503 1854 712 8254 3638 
21 727 3269 1325 5155 2663 3224 7933 6728 4630 8616 6203 4777 6993 7709 8839 708 8081 1781 6009 9609 2448 
27 7567 9343 617 4327 9133 2687 4642 2901 9254 9768 8351 585 1107 2261 5262 7764 3052 9575 8311 2225 418 9697 5532 3571 2819 5164 8397 
24 2222 4597 1686 4303 3198 6485 6664 2636 4454 3830 5709 227 9892 6278 6831 1149 3213 5118 8353 80 8565 6387 767 5226 
24 4957 5213 2322 7302 3897 2080 3326 296 5240 4981 9705 4213 9025 8858 140 9053 1769 9978 4968 146 9135 9862 7930 7522 
23 9806 3370 5629 8811 8779 9087 5849 9506 4369 4502 266 9742 9657 918 356 9129 9337 9847 8576 6087 1046 3179 3145 
24 372 5407 5050 8645 7208 7537 12 5418 215 6455 1724 2753 865 346 1791 1485 6178 7968 9977 9827 4752 6868 7926 4629 
25 7570 7495 3436 6861 4457 3160 4613 6227 5093 8309 7806 8328 2648 7487 7669 6892 3766 5327 1026 378 3232 604 2125 2654 7206 
24 7351 6115 2621 6682 8883 8191 2764 6510 3240 4853 7307 7591 1351 5931 6406 5973 2991 5185 45 2196 4385 7498 4412 2265 
7 6463 211 6830 5976 6889 264 3614 
22 879 9107 1501 1748 7293 1621 6666 1163 2651 3944 2236 9596 8507 411 7252 4976 3259 1646 3973 2470 1007 9840 
29 5984 9685 7089 4180 3141 6797 8425 5798 9446 6623 5784 7243 4265 2638 2472 5300 3631 2475 4856 355 9946 4556 8743 4148 8199 6465 9760 6245 1844 
27 7278 396 4776 3201 1120 8725 5939 7151 2604 6450 3283 4895 6286 3085 4032 5619 4710 9630 8161 5054 7705 1599 7763 1879 2998 9897 9754 
24 1164 55 4764 1902 430 6776 5524 7409 3140 7928 7041 6498 421 4582 4477 6408 9394 4697 6046 558 2405 3900 6914 9251 
25 6326 5259 60 791 4018 253 2547 615 3294 8791 5392 1461 202 2471 4001 6376 8354 532 7992 2872 928 8341 8667 6333 7621 
22 2356 4233 9361 4760 9274 4407 608 1168 5120 3831 3543 696 2467 6624 1986 5897 8335 5229 2684 8284 4774 3870 
2 8670 9377 
28 778 7818 8462 3053 3842 3040 8712 4903 8515 5270 157 3987 4200 830 2657 5838 3043 8444 7262 1095 1446 9652 4768 5461 8437 5198 7836 6441 
23 1860 4075 2738 281 8415 451 7234 3400 3649 6838 2358 8918 3641 7743 6512 2879 1059 3284 7577 3502 320 6850 7534 
23 7145 3734 9007 9073 8390 8087 650 7099 5986 6588 5427 294 2918 8141 5665 5654 6653 7923 8431 5608 2516 2308 6583 
29 3816 2252 8484 2988 5923 2603 419 4849 8400 9106 8183 7141 1792 8217 6012 1480 1311 334 5104 9987 9002 5154 9148 3390 6679 957 1538 5658 7458 
29 4632 4806 2841 5566 7327 7855 56 1145 7792 8138 7576 522 2010 8797 9771 443 6081 2539 6269 8233 6467 5167 2364 3393 3031 7352 5326 5394 379 
29 9889 6440 4665 4316 4247 6195 6909 4847 2958 6750 9626 6642 5434 795 4880 6921 5636 111 2897 7661 6449 5090 2451 6402 1553 3771 6540 2132 1736 
20 8954 6494 530 6915 5150 302 6210 2905 1162 3818 456 6851 2444 8806 2270 2473 1473 7627 165 2747 
24 3826 663 7593 1617 1200 3026 2086 7308 8754 1800 4189 6357 4199 3264 5186 4554 9553 2209 9294 312 8798 9929 6158 1114 
27 9355 8455 1850 6635 8872 9171 6524 741 7827 3416 91 9724 3784 1100 2079 4394 9345 9182 7945 3018 9105 1899 8411 6104 9739 3135 4727 
26 861 8372 8766 4882 3067 961 270 7055 3977 1226 1065 8887 4295 9915 4690 3414 5751 2345 6980 511 4639 7667 1651 6325 6226 3252 
30 4634 3196 1692 3862 1984 6757 3814 5511 8091 8470 6783 971 9837 2138 1727 3243 5360 2727 7106 9544 2989 6538 5331 3528 5749 8678 2124 9341 2075 3516 
23 8460 9344 740 8223 8677 2388 8187 3697 7987 2947 3962 8205 9050 8137 2498 4232 9960 5913 4150 7102 4572 4500 8303 
27 6281 527 2554 6857 3713 9213 8371 2020 41 8100 85 1675 2104 7372 5805 2890 9455 9898 4149 919 3304 6131 2136 5103 9385 3889 3367 
29 9611 7750 9881 8649 4393 9884 6071 27 4215 8003 1017 8174 5576 7354 1233 5882 9691 888 2781 9467 5312 9891 3714 4244 3363 9839 2172 6495 8326 
19 568 6695 6885 4513 7687 3601 9396 8542 8017 2120 397 2744 2381 2855 8493 4121 933 9245 1695 
28 9365 4841 520 2938 8118 9655 587 9035 7407 6083 6841 3882 9438 5102 5833 168 8537 9367 5139 6318 7310 2098 772 2121 5505 7380 1949 9985 
23 9273 5806 2041 7976 1099 8347 1924 8132 9077 3932 3717 2633 8500 3863 9067 2220 6759 4280 7962 948 6362 2285 2678 
23 9592 8232 552 3373 7197 1502 9126 2153 2537 6558 7885 8753 5410 5787 5707 6466 5400 382 8821 926 4548 5883 9489 
26 771 5289 2920 3683 2446 1053 4805 6844 9292 824 7470 9830 3505 1793 4746 3455 5671 6897 8258 5425 4715 9639 2240 4433 2768 8119 
29 4784 6987 2874 4522 7805 9637 3799 2286 7076 6011 4919 4864 4946 9565 2959 1907 1668 7794 5217 4651 2057 7062 4799 8302 6611 4971 35 5776 1973 
23 9935 8196 5292 3309 4922 5025 8681 6055 7592 9228 3955 2319 5339 7597 3191 7114 3063 4542 6761 4366 4819 6274 3903 
22 9991 3057 7752 667 6781 3397 4987 8884 1317 2290 9239 4120 9461 9945 4551 2167 1795 3001 2983 9644 7924 4483 
29 8531 3446 8560 2424 1425 2824 7389 1038 1851 4885 4970 2838 8714 9271 1917 9570 8449 785 3662 2323 1484 5745 4807 994 105 7742 5842 5138 1018 
22 6381 3924 4867 7402 2701 5046 9617 8593 1665 439 475 2335 2078 286 7980 7651 1788 828 8641 5171 3887 2710 
23 7676 2856 145 637 3674 547 299 4859 3979 5643 6931 36 2519 1594 5349 8426 6883 298 4427 4015 722 6801 1190 
23 5278 7463 3274 4300 3876 1276 2117 5656 8367 7932 6181 7028 970 4310 75 3407 5648 8585 2326 1633 1225 318 7147 
25 4187 9937 8928 1483 7107 3672 1116 6923 1173 386 603 8463 5041 3583 4098 6989 8777 7970 6626 1590 8729 291 5840 1666 6988 
30 3070 1288 646 1507 2090 2482 5620 9224 4544 7795 4357 9816 6786 8795 175 4086 1906 9079 6098 4019 612 5173 1845 8522 5733 6355 6243 9615 9184 2977 
26 6595 6546 1662 4343 4908 809 5191 4653 5403 5458 1081 152 466 3915 4733 7477 4536 9399 6945 40 3992 4612 4972 5475 8620 9600 
26 28 8036 4518 4377 5568 544 7890 2919 2632 6574 3308 6428 1447 811 5472 2360 7864 317 482 3327 515 3181 3537 7050 209 7778 
25 915 6338 5526 7541 6246 2420 6193 6213 4338 3546 2848 1256 7385 9197 2518 4990 9631 1625 510 269 7917 5320 2933 1216 6834 
22 736 2055 5315 6862 1988 195 1110 7730 8535 8548 7190 7647 9284 1215 3281 481 4367 5181 938 7707 5812 9360 
23 2314 6016 3286 2408 7574 8450 5125 8664 2201 2800 1500 5052 9665 287 7722 3071 3559 6350 5941 7248 47 9784 1421 
28 7475 9905 1950 8597 1840 5351 8310 6837 8634 2803 1575 3747 783 1203 4131 4565 986 8723 9303 5686 6378 2599 1660 6928 8023 4241 362 5059 
24 5446 7236 9715 6779 244 9846 2598 7877 2180 882 7887 3855 3787 1838 3531 8694 1811 1679 5900 1755 4563 2630 4802 943 
24 236 1631 9974 6811 394 939 3627 7745 3648 2336 9428 5666 9773 8133 8510 3268 3250 5754 1582 4956 5952 1893 1721 4523 
24 4701 9354 632 4297 2996 2559 8545 3112 8054 6502 8787 8220 7624 7201 7584 6805 6304 5202 9275 143 9659 14 1088 1286 
28 4459 3316 7598 3295 7935 7499 459 6398 7517 136 3477 7332 7322 7299 2295 3233 8952 8959 2215 4387 4759 9057 4635 8526 4128 2619 3809 7025 
22 5977 9522 4197 2103 6443 8151 7692 1405 4288 98 3059 775 5928 3822 5955 7460 7927 3469 2889 1333 8857 4337 
30 6743 3623 8654 9628 7422 2396 3115 2390 3908 8960 2696 22 6702 6519 7469 2545 7514 4299 7181 9283 9508 2982 3113 455 5257 1813 9952 4530 4439 9048 
27 8993 6742 6026 5309 5253 5735 4843 7257 6439 7849 5803 3045 4034 4726 9298 2484 1466 2928 6684 2572 6191 1307 7051 7164 1016 2343 7990 
21 3718 231 1265 8539 7204 3762 7054 6821 1476 9976 127 9163 2217 8247 4025 9751 7727 2003 9966 581 9436 
22 7996 3963 5558 4383 8403 4827 7215 1482 2818 8751 4858 3142 9433 1090 5044 5117 2378 189 129 4152 9153 4325 
22 7691 2704 7172 6139 1121 7371 114 4590 255 6063 8876 9357 2182 1526 9039 3066 6537 6513 3014 8995 7037 6129 
22 8263 7370 790 7034 2595 715 1407 8966 5699 4336 2755 6506 8221 2154 3408 6951 8532 6431 6994 3810 946 233 
26 3951 9646 4271 9475 9217 5415 8744 4222 4581 3144 746 3978 5876 3500 4741 2577 645 912 6812 6557 9453 4722 6769 6795 5909 5562 
22 580 4283 4897 9710 2570 6088 7547 543 4076 37 1683 5870 7880 2082 289 4144 2426 6840 592 1431 7601 2939 
23 8756 5716 4978 5356 343 4485 1084 1584 599 610 338 5988 6847 4529 8595 1078 3441 8322 6384 2966 816 940 9055 
26 8684 7549 671 2149 8134 8084 130 8488 256 8416 7587 2934 6471 7649 6174 5243 4332 2485 9807 7800 293 8391 5457 1645 4415 9231 
20 5653 9247 1901 2152 5647 3907 2834 8908 6620 4495 760 976 5925 6603 4089 6473 967 2677 7176 3709 
22 2772 8979 3920 1980 1008 5043 1410 1827 7365 5916 7246 9281 2287 1368 7162 4947 9130 1977 5330 4603 807 6960 
27 2560 8511 1419 2434 2452 2043 7312 8361 9811 186 4809 5547 8120 483 7222 5759 8288 6147 8214 2249 9505 8418 654 3702 2693 9686 8253 
24 9000 8897 9243 3032 6079 8268 5774 4046 6814 5299 9591 4506 6849 8523 1877 9979 2443 1775 8097 2198 2096 5178 5895 1670 
26 3440 3916 6893 8648 5843 9938 2458 295 1658 8807 5039 5667 2843 8810 208 982 9779 3593 1071 7902 7233 5491 259 2822 7521 3161 
22 3738 8874 9666 4391 4315 8764 9066 84 9351 4708 2845 2583 2888 3041 3632 3487 5590 5322 5298 2923 6259 6521 
2 6753 5441 
22 6766 7391 1266 6305 3100 7861 7921 7263 8501 383 5995 4568 340 8094 7434 6688 8065 8740 4162 4931 5168 7972 
27 2681 6317 1158 1527 5076 5244 4056 3251 1069 5848 7539 703 1717 5880 2206 2116 8583 9970 9656 3174 3154 6606 3136 9495 427 1682 7432 
29 2563 5642 4893 9327 3270 109 6876 508 7568 6628 1305 468 9269 9162 6835 1865 598 6336 2683 5363 3012 2602 1786 3811 5430 3722 6966 1659 6238 
25 417 1711 1123 5179 9571 225 4059 9110 9486 704 5781 99 6865 2540 1756 2248 9264 9535 9192 2592 9065 9599 5758 4022 3491 
2 6544 7678 
26 8049 4444 7216 8591 4558 7974 3444 7170 9832 5122 942 1089 8894 9669 8816 7626 8579 4747 753 6523 7121 8837 5961 5020 7680 5478 
21 4214 6489 6656 4982 1912 4491 4077 8554 1154 3404 9093 8842 4914 2580 1320 4577 5683 2061 6480 9541 1339 
19 1615 4497 6332 6233 2012 5692 1825 1585 7203 730 2666 5690 7100 2793 5674 2342 2499 6622 8975 
21 2128 1220 5510 8854 4360 9651 6049 7212 8149 504 9347 6261 8393 5088 1369 8904 6631 9456 9702 3298 9530 
26 2840 4466 3421 6806 3340 5824 6082 5275 2321 653 1498 7525 2421 2226 200 9716 8299 4983 2186 5859 2000 7978 876 4012 6124 7773 
28 8920 8136 6366 2386 4350 9842 1469 8377 6126 1202 9603 2066 1638 2243 1488 2723 1124 321 4985 1869 5736 1119 7560 559 1654 367 9398 9740 
29 6290 2927 3573 64 2224 1254 63 7822 9241 1222 2199 1455 7398 9622 8919 2135 5852 1723 6346 9335 9752 5551 7343 3619 4967 3519 4175 3515 8571 
22 8662 8096 9767 7781 2375 8519 2542 3982 1928 9282 1506 1520 6991 6161 477 5108 6672 5730 815 7023 3890 4301 
22 8552 8604 2058 9340 3938 7683 9277 4139 6356 3200 9851 1570 4092 3796 1406 1871 2653 9533 6184 9474 5294 4138 
25 6415 6050 4816 2294 4225 4260 4105 6952 3214 6839 6772 8673 1873 5771 895 4443 4825 4649 4042 2207 3158 6409 2549 2510 4744 
3 3861 3207 1706 
14 4836 262 845 1393 6202 528 2126 2849 7479 6335 8888 7277 1685 2177 
24 826 4543 3564 6919 3866 6253 2791 602 6643 6711 8176 3891 8863 5725 5012 185 1734 2052 6481 8633 1213 5820 9229 613 
21 7808 5528 7766 431 139 638 2303 5701 2450 6128 2262 6722 6661 5493 7436 6820 5536 7859 3060 7720 8809 
25 9046 4023 6881 7018 3498 4041 9166 5216 2786 4285 6476 9003 9491 5336 2689 8478 2016 7732 3092 4570 1049 4224 5660 657 3088 
25 662 1958 7237 9468 6383 4524 7213 1109 8480 9145 814 3684 9967 1846 1281 7828 1688 777 3102 1535 4238 1462 3731 684 3028 
25 135 6693 1750 8273 6532 4804 8697 4662 5657 1701 9749 184 6260 5454 5286 7533 3802 6727 9989 1362 2178 323 4940 4043 7809 
22 113 9059 2878 2700 639 9137 3226 792 6429 5233 147 4464 4538 2306 8295 5628 1321 8345 6917 2376 8929 5281 
26 9947 4266 366 927 5519 4106 6438 232 7982 1517 5892 3574 2569 9424 7690 8380 484 9255 1424 9745 5559 8440 4123 2032 2825 819 
25 1301 9953 2853 6943 1823 3521 8103 7148 4312 3089 3971 4145 3236 4397 1297 3384 6294 1308 564 495 9503 6056 1177 7733 6018 
30 8932 7845 2884 1767 4699 4729 2846 7949 8746 4951 8742 6223 9063 3249 8454 8497 628 4979 2465 5474 8272 7375 3642 9117 7457 2380 9146 1108 8819 4646 
25 5305 9222 6179 7531 8696 7223 1250 1045 5073 6100 6061 4775 3653 1609 9962 1745 5313 6752 4208 1181 3735 3868 5426 7767 3694 
24 6986 5921 5940 1403 2459 9795 3355 5436 4725 3859 1331 3380 8771 3981 205 1036 16 8931 1923 9464 3205 6452 8679 2346 
31 1234 6271 3415 1207 841 5996 5389 7217 5212 4633 3716 9215 1001 2497 1503 9095 7944 5036 2794 6539 5264 1981 9819 6976 4351 9179 8413 1819 4698 6894 820 
25 8671 144 4264 6836 6598 9808 276 1968 619 4723 4418 794 5987 5445 1790 8682 42 6154 4447 8598 1524 4622 5221 9833 7713 
29 9437 842 1402 7925 2980 758 3857 4021 6500 6295 4894 239 2490 8030 2618 3836 9161 178 2713 9906 7943 1396 336 2664 6264 3791 6247 3685 1131 
23 7751 5972 7411 2974 3668 9260 7832 6454 9928 9633 1318 2525 9395 8420 5035 9700 3042 1014 9973 3548 7672 4135 636 
24 6548 9429 7256 4002 8368 9590 3353 9425 7612 3493 2014 8905 3186 595 6709 8921 1414 1283 6922 3354 6782 7200 1533 437 
22 9872 9088 7350 6103 4282 192 3695 4480 2952 5341 590 5494 6886 3449 5708 4401 448 6146 6102 3433 605 5780 
28 4845 2909 3517 1974 521 6723 7128 2137 6916 3732 3589 7774 8736 3379 9244 9838 1820 1742 3692 6354 7718 7420 3825 9363 9787 9392 4084 486 
25 3195 2318 2281 7538 9902 9722 7780 3364 9316 2161 3579 9329 3587 1729 2254 2543 2969 9555 6925 6891 6010 652 7753 2370 5307 
23 7860 4346 557 2146 4719 1929 2628 319 2720 1349 1440 4782 241 5598 4088 4326 2311 804 4748 4510 1944 6662 6911 
22 7115 7116 1030 2169 2816 2831 6815 4010 6710 9485 6605 4294 6372 2320 2656 5612 8700 3759 6576 8825 1118 9509 
29 7882 8924 5695 1994 2395 4037 3707 3239 5951 4319 9168 1103 9922 4125 8513 3 877 4602 66 3525 6464 2915 5634 9607 8469 360 3475 2782 8815 
23 3447 1188 7966 7653 891 3339 7006 7103 1451 3942 2340 3422 640 1913 5793 3965 7046 764 7736 2263 5610 8935 9049 
30 1834 9720 1465 1370 5323 6789 1630 1386 7 5421 8360 3386 374 2506 2522 7664 9532 3677 3234 305 3448 3074 29 2302 375 5084 1561 6251 5794 8599 
23 7381 1255 9069 8128 9667 6632 7777 6280 1460 345 9792 7180 7739 7077 1475 5845 2557 8248 8549 288 97 4844 1546 
30 8749 8479 4890 9204 9786 2170 4681 3346 8250 9420 8899 526 58 3715 9326 2163 7565 670 2712 4945 8259 1934 2517 664 916 9030 4442 6597 4824 2944 
27 5072 403 769 3956 2661 6437 4860 5607 9279 401 8853 6846 863 5790 6525 8052 6284 9728 8421 9890 904 582 7518 3431 588 8077 3560 
29 8984 3479 2046 4313 4703 4062 514 7441 6652 540 681 2040 8015 6442 7260 6882 9854 3452 4605 555 9458 8944 3849 9849 4074 9083 2806 8986 89 
24 1783 5113 7412 9496 5398 1054 67 1812 4057 644 5038 6826 566 352 4202 4341 7057 8536 770 6602 5223 8107 7635 2709 
20 9232 1328 1678 2024 3247 9612 2029 8844 7595 889 1251 7512 9625 1359 1358 2115 43 962 831 3774 
25 9416 6358 3382 8630 5924 9690 5672 8208 9538 3727 2644 5694 9692 7734 9221 9964 4441 3464 647 7919 1565 3737 2004 8702 3751 
24 4889 1497 3585 3582 7231 2030 4587 9033 801 102 1861 8231 3307 1130 7863 8864 2299 4355 1976 5481 870 5664 3964 7122 
21 7899 8143 1172 672 2241 8660 7502 8859 4756 1603 3999 2778 9681 6503 6961 8808 7643 2382 5152 871 8895 
25 4212 6704 9388 786 9150 2574 5575 4562 9859 9584 914 6673 3720 5967 3049 1310 9834 444 2148 8447 1836 322 3844 6887 384 
25 7819 3786 5565 4933 131 7704 8855 7104 7772 7039 4750 3976 7374 4402 2457 4009 1606 3068 3910 8848 5379 2609 1229 4573 5134 
24 6803 6504 3841 7169 3190 635 4334 9823 5082 3301 1295 5906 6726 1217 7697 5045 7842 1041 7390 9919 7588 5908 4191 1022 
26 5051 9207 9551 5037 8467 5808 8997 3130 2399 8234 7421 3621 6809 1597 5602 2266 6649 3935 947 3180 8355 5834 6720 5222 2556 9258 
25 5009 3997 9969 5552 6796 6091 2733 94 1104 9008 1739 2255 9662 4146 3101 9673 7247 5409 4087 9645 1129 76 9894 8389 3552 
20 1442 562 7559 6807 5074 1521 5499 9315 9006 5743 6414 2392 4479 752 5361 1034 3023 9658 8891 9732 
22 1346 8125 8559 8990 8706 9443 2921 8676 2377 8399 7289 5193 5953 4671 1787 6224 4017 7242 6529 9047 7125 8982 
26 3995 7981 6345 6123 2945 2095 4910 8629 3162 6586 3254 8541 7527 6206 4406 1872 6659 9439 1891 3536 6125 8953 1889 8095 5147 4557 
21 2740 7967 8627 7569 2164 6798 4111 6908 675 1493 3016 4689 6145 3434 8492 6676 8235 5232 9788 8581 9021 
25 7617 3241 6748 3834 3328 2205 2357 9525 6937 9001 1857 4083 1656 3988 6648 866 5011 5687 9895 1258 2754 5471 686 524 3315 
22 2071 2183 4696 5746 3192 3542 3276 4791 7001 6569 3385 4884 5381 1905 9668 3426 7867 9756 6582 5738 8934 6644 
25 691 6492 2077 429 2705 6733 7073 7641 7087 9242 974 5439 8090 8602 6554 8364 2034 6663 6848 2722 7668 4340 7747 4992 8780 
24 8622 868 2369 4246 4206 3208 682 1997 9886 2679 6204 3165 9758 9671 2064 1231 1241 1384 153 2690 8246 7679 984 2812 
20 776 4378 6068 1548 1429 9793 9369 989 8580 9638 8229 9031 1843 8943 8624 7663 5136 9257 3330 7655 
27 9015 1896 9983 5061 4585 6341 6675 331 3080 7067 8381 2494 7895 5614 3282 9174 2647 5668 4192 4700 1394 376 3700 911 5637 6297 8950 
24 4561 5948 7723 9311 6747 3725 8130 9272 8312 7761 61 6211 5740 6094 3490 2447 2624 8503 6342 4209 8906 3134 1400 4361 
24 158 5769 7117 8547 8318 9234 3757 6940 6760 9564 4287 7853 2168 7095 8135 8379 3558 5016 4924 6670 8914 7090 7711 1713 
21 4157 8912 9844 7562 1589 5617 6964 8550 3350 9747 8540 2203 8197 5070 3905 6617 2726 4846 4231 6322 6665 
22 8031 7207 1607 1031 1771 6120 3960 8974 1412 8600 3215 4389 7530 4995 5937 869 7047 6596 5847 7784 9471 6517 
24 1920 9602 3217 4861 765 922 8117 4501 5857 8129 5777 9877 860 714 1243 8343 5544 8126 2514 9336 3296 6630 5348 3696 
29 9566 6030 848 2719 3565 7281 960 7616 4794 8346 1876 304 2578 3467 8626 2393 8190 9286 1137 5364 8314 4020 5378 3853 223 2637 8201 8061 7940 
25 661 7975 3652 9526 9605 8255 2317 8735 8256 3895 4499 2282 5932 503 160 988 9761 8657 2676 8270 8761 1435 3216 8481 6197 
23 7471 9981 3663 5673 4400 7721 1643 6542 8252 1602 7675 7840 3313 710 6058 7165 8586 5761 3293 579 8666 3166 5533 
22 9748 8317 1227 3095 1148 3780 7357 7271 8976 467 2957 7096 6683 7615 5918 1444 9143 7741 1525 9765 2760 641 
27 1753 9589 2658 9951 3069 3260 7995 6827 4541 4437 9562 9339 7167 9218 4473 6625 108 3902 7134 542 8387 3728 5484 9726 9397 8661 5067 
27 6791 4855 3576 385 8025 9300 1681 3423 5111 2274 8482 7007 1294 462 899 3132 7918 5005 7154 7288 5416 1712 3453 8006 1849 687 9520 
21 6751 4118 8992 5127 7737 5525 3645 7419 4921 7126 5710 5469 8866 1020 4198 748 6089 9899 7053 1367 7599 
27 1330 7893 5927 2799 8062 5641 3691 1117 6924 7596 2955 2808 469 2239 465 9246 6218 3377 4637 9452 6657 6942 3510 6936 5829 3324 2777 
23 6869 1091 8575 5675 5567 5228 4909 1357 3473 5153 2371 57 8517 5105 6051 8388 4757 5599 1707 5864 5811 39 2887 
25 1304 9426 2028 8386 9212 6700 4521 1516 9796 4514 3242 7245 9958 314 7052 3797 9447 9460 1350 850 5810 2561 73 183 6591 
28 4047 8461 3369 5592 5822 6486 9009 7074 3383 8835 8079 7279 9537 8404 3972 9209 3659 5114 6716 9624 8275 8933 6516 148 2749 258 643 9824 
27 7414 2513 5585 166 5726 6926 500 8617 4422 6685 9701 1382 9828 7219 9516 3934 8472 2088 2739 5889 7274 4004 2277 6669 8029 9642 180 
22 5809 9099 2400 6708 9078 1418 1624 3922 5723 2350 8829 9098 1566 4239 1904 4426 8264 4054 5346 2122 620 4321 
28 9352 3912 4519 9427 4959 4203 4038 3087 1583 4330 3994 8748 6732 5311 8069 7605 2532 5290 7607 6391 7494 4245 6445 3209 2524 1285 5604 6744 
20 4082 6520 4879 6896 52 7404 9342 4151 5700 387 2435 6413 6787 2027 4977 6059 7344 5626 457 3163 
2 7270 5513 
23 537 5594 7712 7660 6785 7905 4609 3812 6177 2972 1708 1758 327 574 2503 2500 5786 7136 5516 5980 8339 9253 249 
29 3894 7738 8710 4803 6592 4676 4896 3047 406 832 516 2427 4737 9873 8429 5907 2139 2442 1837 3898 6117 3723 3985 7749 5489 7490 324 8278 1344 
19 4069 2617 2895 9482 1147 8938 5133 6697 3615 7315 6268 950 9997 9299 3211 2629 4482 2155 5589 
24 4798 7505 3035 7838 4555 6483 449 9480 1011 3667 1726 5447 2331 1453 5546 3549 5816 874 898 2092 8237 6062 1316 6527 
13 4948 4898 4302 7356 7066 7304 5689 2008 2527 3990 2546 8099 7506 
22 2970 4130 4414 754 274 1953 551 6156 5856 9442 3021 745 9384 8142 4481 9904 9814 651 3748 7059 864 1763 
20 9831 1740 3048 517 3488 7417 4547 9094 9757 9627 718 9127 6020 8014 5633 4850 6633 578 3278 8394 
27 892 5283 8603 9265 4878 2900 1620 4456 8446 7171 6234 7123 4797 9155 6621 4218 2242 4673 1937 6460 8032 7762 7450 3911 6974 3337 4838 
26 2622 5128 9005 6854 7405 658 8738 7002 9122 2734 796 7728 8320 6367 1852 5899 8699 6903 4403 2587 4220 93 9158 8340 6397 766 
28 3879 8301 2508 1063 2746 121 4039 7083 9383 733 6856 4188 4980 4594 2757 2423 8817 5291 1629 8058 1240 7228 9421 2530 9376 7267 3323 789 
25 2402 8452 7105 359 5442 4509 5783 4007 30 1932 7353 5611 1704 5101 7916 8689 4490 8453 4119 2049 4862 8063 432 2216 7844 
25 6165 7098 4674 4064 5554 7515 132 8613 6646 6433 5691 7324 9060 4117 6255 4899 5450 5184 6756 656 7392 5540 5124 4811 1956 
28 3975 4031 9931 1796 8474 2045 6002 9111 6800 9393 834 1963 7382 9543 6534 3075 8057 1047 9661 5099 2830 6250 6417 315 6112 1428 9804 4417 
23 8039 6166 265 6057 3514 3038 6017 958 5142 6860 8988 5890 1268 7251 8827 8705 9422 2087 3867 8083 9138 8038 5296 
27 3456 4484 1293 6934 793 7852 4227 3420 9887 3435 390 7439 4728 3883 6343 3005 800 2093 9236 6958 3590 5345 4024 4762 8357 6298 2951 
3 8596 7376 1555 
22 9772 9955 8434 1807 6270 3258 2785 8337 5015 2348 3255 9957 713 3845 13 7725 7688 4720 5404 3338 5350 9723 
20 1882 7817 4574 2047 8860 9623 1890 972 5542 4292 9780 1334 9024 7756 3117 5383 4364 8830 4492 5979 
28 5159 4740 7594 9261 6493 4684 5266 4008 8709 1505 3929 2076 4583 7985 70 133 1572 3785 2410 8755 6531 7182 8947 7387 1077 6725 3689 1545 
23 959 3399 6033 683 5269 3893 3869 3901 2397 709 8861 3847 2842 8279 6650 8293 7426 339 5724 1142 3396 8173 5284 
23 4236 2035 2313 6691 9511 1605 1445 2511 490 1743 9835 2835 6369 846 4713 5100 9123 3188 6550 1559 1772 5762 1481 
22 5234 6316 9020 5149 6067 7049 7341 4591 5263 5865 9356 2826 6478 4114 2194 5844 9304 2127 991 7295 7408 2007 
29 1971 2833 4837 8688 6163 4902 5328 7548 2073 9546 611 1261 8401 6185 1171 2967 8496 7758 2553 3289 198 7309 1479 5661 3682 7235 194 4493 7632 
26 9450 3124 491 5757 5515 6763 6730 9390 4398 7440 7311 5778 2200 8646 4033 2675 6421 8004 4640 829 8505 9058 188 230 3624 240 
21 6904 9988 8574 3392 1389 5033 8186 410 290 8528 2885 7906 5420 8937 8150 8529 8838 750 2836 4252 5705 
23 5933 4969 857 9027 4170 900 6660 5922 9502 7184 308 8242 2054 9688 2258 1214 5763 2202 1160 1280 1009 4823 368 
20 8200 2767 6818 6101 9948 1550 5096 9712 5239 4183 6459 2440 6232 5831 5338 6241 7478 257 5317 5858 
23 4540 3155 8123 2667 4814 5065 1314 4229 1477 2221 6472 817 8556 9466 5107 9736 3395 3271 4449 2251 5815 1562 872 
29 751 9328 4596 6552 5874 660 3664 3357 4143 2607 3123 5697 4688 8050 6758 7866 7714 5767 6973 7168 2737 116 1779 1347 9708 622 3292 6995 6143 
25 5408 2614 8628 1152 4307 8939 1170 4663 9695 122 1863 5230 7156 761 3405 3661 6337 2042 4911 6389 1092 9580 6773 6477 2805 
20 5316 1657 9142 1635 7894 3921 3054 3840 7484 2025 8693 8716 5247 5237 9718 7467 5531 3594 9798 1478 
31 3561 7509 6939 1903 6457 3275 159 1355 5766 554 890 7120 3483 3800 6352 1677 8283 7225 525 3121 4079 7847 6028 5024 5773 4333 5506 3006 2495 8490 9868 
27 9876 6956 4296 5060 325 1598 3127 3726 7837 5182 6257 9375 7810 2385 1943 3372 6386 1990 5370 353 7686 2765 4358 6634 5502 2237 7909 
25 7544 7447 7900 7384 8796 6122 6890 3499 6140 4641 5537 2089 2102 7079 9040 8973 8790 8127 7397 8483 369 9295 5570 8845 5254 
22 9674 3823 7321 5523 8889 7155 7035 4498 9729 7638 365 3966 7735 5224 3790 1927 2439 4029 3116 788 9621 4810 
27 6852 6395 4014 44 5163 3418 5251 8717 7578 4101 8963 1232 3290 7540 2084 1640 9434 5063 6696 569 5151 4645 3776 2407 6699 4468 9999 
27 6400 8338 4050 701 8375 2930 6655 3366 7571 5911 4237 6109 3470 9296 9743 4356 4363 1888 4328 6571 2184 8903 3919 441 9714 3566 693 
22 707 4881 1452 9250 4721 1897 5006 5429 1815 3743 5014 2374 4453 4628 7999 7290 1490 4230 1808 5272 3740 5382 
3 5886 9763 4317 
8 7453 4052 4915 4973 1416 7367 5008 4588 
24 1388 4865 7030 3010 3103 1684 3948 8799 182 9382 6808 3877 9479 8172 1166 1933 164 6824 1486 6813 8156 9861 2593 5968 
31 2837 7301 9774 7572 3287 6329 560 7820 1450 1828 4434 1247 496 7603 3604 1916 1337 2453 5964 106 9860 2686 3996 7255 1408 9364 2431 7296 4107 8828 1015 
27 8951 7868 665 6609 4305 72 8178 838 4550 534 4201 283 1885 6404 7485 9841 1945 1908 3220 4142 7101 4258 7830 4716 2790 8820 1411 
31 9308 6930 2635 9769 7063 5720 2189 433 8896 3331 5853 8814 222 8818 2985 2562 9531 6000 5462 3550 3098 3524 217 3413 1058 1094 8464 3788 9588 8240 2099 
25 5915 9888 5468 3402 6052 2280 3584 280 2227 77 721 8291 8750 4769 5804 1641 5930 593 8922 9380 6212 1423 3805 3829 9848 
27 3958 677 9115 6182 6533 9995 263 1438 4171 8708 5965 5555 755 2292 2101 3588 5492 5861 5714 4073 6303 6309 4840 822 5176 6509 1000 
27 6167 245 7620 1270 2272 9032 1197 4575 9616 8607 1373 7896 3267 5796 5170 9280 2832 7403 5704 2730 471 5156 9026 1722 4636 5997 4390 
9 4048 9750 3686 1415 6618 7194 5380 9880 5914 
25 8998 9992 4160 1157 1510 4504 2771 6205 3639 5023 2861 3197 7937 747 2999 1495 7033 5215 9038 8588 7754 2091 1035 7997 218 
24 2310 2892 9604 7652 909 2906 749 8823 1175 3618 8408 7645 5210 2847 5123 6183 9366 9445 3046 8365 284 7476 1751 5679 
25 2232 5187 8941 6640 7939 6888 6667 6636 3185 4655 7946 2880 6024 17 8055 1115 1957 2682 6113 7448 1204 6482 8473 6217 7015 
23 9874 1039 9201 901 7724 9405 8423 9183 1698 1205 8956 992 5855 875 4193 2192 5003 8110 3280 2406 8115 624 5000 
24 1012 5974 7424 5477 9200 3710 2106 9041 6285 3237 4918 4115 7666 2976 9178 9441 167 1768 9821 4404 3343 7788 7659 9403 
30 2160 8530 4408 5999 9195 9226 9432 2829 6273 162 7118 4211 9387 8198 8068 9407 1832 3365 8424 2575 4592 3465 9444 8879 3630 3598 8459 9878 5158 905 
25 8465 4546 3335 1898 7177 478 9635 9678 903 1574 6870 7796 2312 3745 3881 4962 3184 5644 6859 4842 9156 756 5080 2454 0 
27 6810 9408 4323 9144 5303 5274 6436 6162 2273 7696 8148 2219 893 3572 4267 3989 51 4606 6331 7790 9097 6262 412 6311 6687 9301 1186 
29 3212 757 8236 5569 9332 5013 1470 5881 193 7554 3967 4036 4428 8898 3821 9325 9113 5467 15 199 5285 1690 8007 351 5174 4235 548 7056 8994 
26 112 391 840 221 7914 618 975 7582 1463 92 9116 7043 2631 9108 5022 2083 9400 3820 3359 1604 8432 7142 3311 9585 5802 4329 
31 4277 9320 8690 1810 5449 8168 1196 4452 2821 8826 597 8212 3170 237 250 6272 4508 5032 2873 4251 4848 9131 5596 2870 1628 9205 2881 5376 5377 4177 1563 
21 7224 8683 6138 7964 6084 8562 6401 2051 7654 7401 5935 1153 7064 5630 1073 6929 3949 3256 680 9933 7239 
22 3754 5854 4067 4598 4318 2218 8772 2639 1720 4113 9852 3687 5463 7729 3567 4166 3427 9829 7904 4772 6072 7835 
22 3557 5157 7348 4190 1006 8045 3261 4219 8592 11 1661 2610 2001 9534 6042 3613 9713 2204 1847 8948 3733 5573 
22 6170 8833 4081 8794 3636 3218 3238 5252 3678 4734 3711 101 8154 1487 8747 8652 6895 7789 3472 3611 8080 576 
23 7658 2711 8144 6361 2898 9101 1223 3874 9409 2349 1618 679 8728 6013 6003 6314 7700 1085 7078 179 600 2759 7581 
