24 4780 4972 754 9793 1509 4668 4655 2694 2957 6336 4648 2 1870 1647 9795 7419 2459 4713 9355 921 1625 4550 942 5304 
25 9990 897 2803 9288 4364 6543 3077 4389 7723 6738 2976 3290 8593 7225 4035 4763 4838 411 4247 9265 3024 6053 3647 1327 2309 
23 7467 1897 537 6487 9621 4385 343 9245 7971 1000 3138 527 6244 5309 1001 4225 7386 2910 6223 6504 1396 6751 8900 
34 4737 9970 9848 3536 329 3974 5018 1501 1184 8439 2186 960 5409 6769 8646 9692 1903 4629 1857 2180 5003 1139 6308 4212 675 6119 2774 1456 657 6022 7872 1079 2025 5696 
24 515 5809 3446 9802 4813 9828 4649 8460 8909 4030 5364 5668 5497 9263 7200 4590 4917 8768 7257 4223 1485 5392 4943 1454 
26 4098 2832 5890 939 5682 9005 9153 2513 7826 4392 24 2197 6353 9816 4620 4920 6175 848 781 4942 6315 8959 8541 3933 4446 5275 
29 6387 9485 5376 1921 6030 2782 8461 6242 4736 6384 4679 5600 8337 6973 3211 1393 1527 7412 4388 1530 9414 8042 205 5170 2525 3688 9792 4724 8096 
24 7177 2788 3471 9622 2794 421 8245 7658 9283 2361 9230 1459 6814 2873 5499 9144 1698 9186 5131 1458 2590 649 3909 7310 
28 8274 4390 2744 8345 6821 8692 6628 1295 6813 7378 4650 2569 3824 2264 2321 1211 9012 4008 1735 1329 6661 4771 6273 2787 5506 9016 2895 4694 
26 134 5919 7258 8734 5958 6972 908 4047 7628 4188 3255 2704 8931 6540 5864 9378 1750 7048 7532 5789 2920 7157 9769 7103 5027 1050 
23 106 5459 3598 7252 5279 3359 4708 7039 2497 7898 7780 5163 39 4050 5148 6270 2430 3030 5028 1280 9393 8542 4453 
30 8399 1746 5544 3804 2271 1781 6579 501 5570 7746 2146 1013 277 9473 9258 4282 6232 8291 4116 8009 4936 415 9661 3351 322 161 9503 7303 5346 8269 
23 7454 8355 1795 7977 8759 1559 2235 8046 7825 4055 1361 2567 7637 5448 1044 5881 7290 9521 7934 661 6280 6019 4487 
29 3466 3238 1208 1132 6093 1246 962 1423 3937 5859 810 3889 8745 5183 6993 986 9851 4742 7202 2679 7304 4720 5931 3406 5862 2278 5762 6663 3246 
27 3185 4725 4966 5580 6745 366 2372 6404 9492 7423 8917 4124 7298 726 9573 7806 998 7540 9280 342 7930 5720 776 3851 9450 2893 7976 
24 3727 8316 8499 377 77 9007 6121 8378 6283 3336 1825 9592 1583 6702 6199 4019 983 6496 7188 1164 851 1730 4293 4806 
29 5841 5197 6656 7198 2398 7266 9256 2677 3434 2304 365 1524 5037 4728 8564 8611 3970 4331 9765 4570 6871 6904 2020 6207 5231 8252 272 7045 4105 
23 1772 1092 7958 4367 9158 1258 3113 4360 3191 2964 7356 935 6375 443 9363 7218 7463 7081 7379 3055 7602 2743 1019 
24 3818 8915 182 1623 6842 8147 2914 5251 255 8527 9301 5960 9798 3294 1920 640 9479 318 6986 9167 5742 5084 5872 6754 
27 789 4417 7798 5946 7573 8119 2654 3486 120 3439 5709 712 9737 1214 5534 8516 1266 4877 956 9231 8449 3897 2505 7312 5928 7095 92 
27 1956 2272 2165 1569 4084 8011 1264 7911 2193 696 9343 8923 8732 9518 6017 5970 9165 7242 8390 550 6169 5518 7333 3378 8332 2883 466 
30 3162 6455 5780 628 9010 922 6005 5922 4085 5086 5693 4303 5856 14 4314 742 390 5886 9909 4345 4781 9163 5672 8562 6782 7361 7675 7998 8275 9972 
30 4203 5522 2061 7024 1065 9933 7671 9541 7989 71 7549 7162 1368 2122 8869 1239 133 6681 2690 7111 3331 9806 1429 7373 4578 8765 3569 1081 743 281 
28 8596 8063 3941 5663 3836 7098 2441 8559 8164 6963 3520 1267 5726 3308 2255 7941 7456 1815 3291 6167 2377 8277 388 8649 5393 3152 6490 1216 
22 1817 3679 6326 8519 4551 8257 1271 8737 7114 3118 9091 2269 9636 4800 4627 8312 1427 7737 9358 7788 8222 5533 
25 8364 6263 3064 2760 4646 5387 6882 6189 5247 6452 8031 885 6612 2926 7 5736 892 740 4677 7778 7041 2498 1589 4118 6697 
26 3441 3823 5976 3878 786 3833 1800 137 5822 1005 924 2420 170 3876 1275 7139 3062 8175 81 3463 7021 4365 5637 2846 7659 6819 
26 5963 794 3558 9846 1856 8359 774 7535 8478 7991 3393 7044 6634 2494 7765 7936 667 2658 5114 5271 397 7897 1533 8722 4663 1181 
22 6074 710 1414 6610 8818 1939 2177 2130 9524 6753 9261 4038 9745 6412 8939 5563 7485 8591 2401 9297 1249 7046 
27 4815 2117 191 1528 9254 5154 7832 5608 7180 861 7811 4848 7837 4941 7875 3613 2629 760 4210 6787 2784 5090 5284 4894 469 9381 315 
28 1645 6161 1819 7228 3920 3893 5235 5094 6444 4687 7586 1582 2875 4159 4249 4844 3599 6395 5704 6288 2974 7207 6900 3626 7153 2623 8500 9669 
31 2475 3037 1771 722 2340 7858 9424 3698 9890 5015 4425 9249 3710 3527 5443 6627 1405 8753 1823 9148 6763 8261 496 2347 9776 853 3810 7634 465 167 7899 
26 1561 1273 1690 2424 6120 234 1511 850 5547 3469 9243 2840 6381 3518 8822 5918 2687 9310 7346 3354 6569 3980 8789 442 689 5379 
20 9704 3143 1100 1411 3261 8795 6445 326 4864 8410 9881 3670 2929 7499 8555 8769 2009 7869 3507 8380 
30 8441 7142 8354 9481 6875 8580 2324 5875 8388 4609 5609 9090 2539 368 6148 955 409 8481 2249 4333 6374 1643 7942 4930 9929 7196 6220 6534 8878 9823 
22 7721 7383 4575 5721 6566 7468 4772 7137 4018 6786 4699 7131 3835 3819 2354 6418 5943 4897 978 245 4229 8100 
30 2138 9198 3719 9430 4111 3168 4521 4901 7154 3659 1588 6339 3972 3770 2125 1745 1953 2178 8109 1963 9505 3606 5491 6810 3958 3907 9520 8707 7372 9548 
24 723 8431 6408 5126 1916 5384 403 6007 2283 7206 9272 2686 4495 5435 497 6083 6132 9008 2641 8059 5135 3512 8532 9222 
29 8503 7874 4950 3632 3779 1500 7614 9412 9077 5019 2319 6547 5060 2299 5440 6151 4279 7165 7738 9114 6945 1133 9559 3702 177 5417 3861 8308 6409 
29 9344 2220 7259 2397 5056 8223 470 7786 1299 425 5877 185 9868 4387 6752 7147 4299 581 3898 6247 53 958 8215 9062 2540 1604 2817 7783 2546 
27 7702 3995 3035 4839 8198 8819 6004 6476 1220 2532 7391 60 3329 603 3067 8169 5537 7102 9391 9590 873 7388 616 4142 8310 883 9200 
23 3065 8893 3931 2738 2045 6854 3809 7384 2665 5141 5739 4449 3389 4888 3850 3905 335 1754 3900 2751 9762 5205 3045 
24 6638 7389 3739 3669 9717 1193 858 3894 1687 8824 6391 2100 9583 3319 4599 7164 2643 4233 5995 1652 9536 9081 104 6378 
26 5546 2463 6732 6111 4522 3757 4915 3366 9056 3676 560 9805 5312 5598 5804 6827 5394 5714 2384 7350 6414 716 833 79 9071 6916 
23 6912 9757 1202 131 2740 1894 1118 5834 6869 3990 7843 3380 2628 6160 2443 8393 7345 2837 1302 8757 2391 1802 3891 
22 2236 9398 3501 8209 6744 6024 3071 7020 7400 3086 6354 7668 4376 5104 6608 6905 5107 1535 5670 6325 5652 7854 
28 2160 8863 8683 6475 8848 976 4865 2659 4563 6901 9042 10 8259 5952 2932 3971 2680 1332 6346 9683 6264 1706 8146 9201 9193 1803 5689 6774 
25 150 9507 6930 2079 3854 6016 7742 5765 9628 1069 533 1345 4918 1597 5255 6828 9999 3357 8195 155 3231 4605 8908 4208 8879 
29 8945 2056 8570 6422 7710 815 3904 9093 5207 704 6576 9829 5243 2552 4158 7604 6616 4652 9076 7744 542 4718 5301 2987 9954 5299 4355 5250 7009 
33 4513 2574 1988 6233 2076 2104 1257 168 8531 3902 38 1131 6029 7281 228 6061 4748 5985 2162 7431 9116 6664 4530 3639 7332 9472 1121 488 8230 80 3597 3662 3034 
23 2212 7087 8592 6166 5883 1242 8604 3069 6268 360 3072 8949 606 8703 3136 9395 1126 7805 4907 83 4860 2362 5678 
23 8007 4698 2023 9740 9209 4494 5123 5206 6839 1821 2624 145 426 7455 7800 164 1767 8514 1392 5463 2474 4602 8497 
31 2960 7344 8111 7955 5239 3798 5753 7698 3947 2416 7722 7640 1512 5811 5234 4149 430 8400 2027 6651 2959 4624 2407 7106 2544 1142 7999 355 4414 4454 123 
27 2535 8320 6200 2596 9504 612 966 9048 5908 2872 1047 4613 3743 1218 12 4448 1283 8016 7276 1783 9719 4502 3303 8726 2656 8626 3122 
25 1599 4135 520 3141 1929 8508 1224 7130 4409 5273 4457 5421 8003 1891 3577 6258 5802 324 5701 4130 3120 5507 911 2044 2810 
26 3700 5293 8242 3121 2815 5424 7077 9775 2012 8360 950 2901 5237 3449 9279 2208 2905 9754 4242 9864 5061 6437 7796 8084 7403 1103 
26 7013 9216 5368 8912 6668 7684 4062 2913 4681 5766 720 3816 3054 4217 7442 3561 491 3403 9015 2783 312 1762 1994 1436 9411 6338 
23 5878 5277 5597 2799 611 961 4835 304 1210 8457 1412 4411 4121 4140 3788 2243 200 4934 4644 6696 4669 211 1250 
23 1648 7747 4136 1382 7767 864 1684 863 8347 9752 2142 8018 9030 859 9785 0 2143 7863 91 5674 3000 9307 4307 
29 8241 3432 5836 5138 9927 3266 1443 3915 6969 481 9129 3330 7696 7884 9686 2970 8954 3691 9458 1395 1372 9875 1063 7508 7285 5294 1853 9898 9462 
28 3776 1374 3969 554 467 9879 8468 7420 5229 9617 82 9600 2137 2621 3271 5450 2881 1949 907 6755 36 4254 9241 2712 9530 7314 8113 4094 
28 4849 2227 6694 6926 1782 5103 3944 7275 4615 2369 4875 3917 7480 7145 5091 6320 591 7536 6364 5071 3574 4731 441 8640 2288 1340 67 2022 
23 1237 4184 6209 6300 7866 4829 6091 4672 990 3886 9228 6626 8811 7291 3092 265 5708 2955 3916 2989 9179 8140 4258 
26 1186 7947 7644 1474 4509 2534 3381 2302 7435 2769 5838 648 7886 4256 1286 2325 6545 9060 9539 4041 7478 8617 7000 1375 4323 9849 
27 9497 1082 876 9220 472 7646 9612 8774 3225 9013 5098 476 4022 1324 8852 8613 2133 9779 1011 4089 6138 1619 3007 313 4407 4037 4410 
30 4253 1715 6034 5904 5366 7571 5413 1476 6426 2393 4665 874 7588 7789 7358 7649 6031 9140 5300 3646 3935 4429 8465 4125 2660 9276 3741 5812 2520 5418 
25 241 54 620 3270 3589 717 2247 8594 9305 5968 2081 253 9946 3239 309 9130 6037 3156 7354 869 2289 1611 3368 7362 5072 
33 795 1720 3218 3227 2651 9281 8655 2266 7254 4310 1491 5550 5076 5673 8285 9885 7793 1871 4220 9143 6068 3201 1669 5691 6140 6040 4746 7321 6281 5010 987 9 1996 
28 4893 8656 7952 3145 222 1954 4501 7238 3285 9120 6791 7101 7428 3206 2693 4405 8201 1944 1945 8467 410 2054 8947 6142 7647 4426 8095 4820 
26 266 1664 3950 2699 8055 3992 1506 9436 217 1002 1461 1480 9465 2527 2070 6653 7900 6783 8067 6618 9893 1854 9024 9409 600 6976 
22 1478 7003 316 2168 8493 9833 9345 4304 1072 4366 8513 1482 8463 3085 8494 35 4404 3375 1229 814 5087 1223 
24 3140 4868 124 3019 8224 7953 4080 1638 9079 5442 5667 5733 1801 325 4573 9873 4157 4546 3724 1156 5882 8782 8859 4859 
27 8663 4850 9839 5564 3111 906 9865 9294 1035 5395 938 2333 3538 8047 2214 5396 8658 6801 248 1926 7728 7028 7492 4305 7623 4029 8845 
23 1747 9794 3957 2322 4879 2134 6805 7058 3862 6228 5218 1369 2811 5434 2190 2537 135 8578 219 8219 3142 121 6231 
29 3454 197 9657 7785 2851 2357 8661 9027 1371 7300 146 734 1789 7829 4459 503 8025 6886 1981 5494 1592 1185 2991 7017 913 2073 1898 3821 4594 
24 6855 2672 5430 9359 5837 1031 571 7655 8286 7627 2674 2619 4880 6139 7725 1517 112 5916 3147 903 1591 2349 622 3790 
33 1437 6372 1950 1769 1466 784 8561 3725 3182 8969 3543 9529 1554 350 3222 7008 5043 1343 28 2052 5738 5626 672 226 7159 332 354 1389 8295 1292 2949 58 7563 
28 3943 8694 7317 4823 2559 3450 3975 163 6162 777 3321 702 5763 2609 9712 3865 5972 1880 6624 8855 1174 2528 3038 7717 6230 3794 3723 2523 
31 8538 1983 2555 7076 8094 7638 8361 7371 4322 3144 5501 4923 6533 1115 5699 9367 4003 6224 3857 971 3649 1502 1678 8408 2298 1971 4272 3963 7865 8684 5676 
28 5992 2548 139 7038 22 1158 9175 7461 1349 63 6427 6087 8366 7278 6398 1659 7369 3420 6250 2904 4711 8321 7601 1886 4190 9318 2292 7650 
24 1010 7954 4758 9477 9483 7781 9400 6550 2496 2364 8470 7184 2685 4451 9370 5208 4710 4031 4193 5527 1335 2549 9837 1822 
20 5276 7975 2839 5106 1550 4898 8750 2714 3188 1873 836 130 2833 2201 3866 5594 5741 668 4058 3242 
27 8754 2107 7547 5650 2637 7464 1200 4981 2330 7315 6065 4817 5088 7961 792 8489 455 7748 1221 1328 4583 2915 74 4978 8573 4133 9311 
24 4569 303 4562 8535 2752 9567 4271 9874 9011 1777 3752 2649 5541 9232 1713 9570 844 3105 6802 5307 5121 3769 1154 5201 
23 5961 3056 6688 5173 4837 2491 6559 8841 9880 2451 3571 5799 822 8631 6853 1534 4696 2194 292 8563 4752 5750 7069 
29 3172 9273 2083 3537 2718 2075 7161 7078 2072 981 37 1557 4770 3073 8486 1760 1620 7962 2827 1630 1560 2509 8496 711 9178 3493 9434 4968 1413 
28 9904 5140 3 6337 2225 1667 6060 6117 9975 6322 994 8572 5416 1883 8117 3489 2736 2610 9388 2948 631 7243 967 9903 8574 5196 361 610 
26 5356 9500 5287 3885 1452 7707 7813 7802 8278 7716 4108 1703 3557 9739 5581 6712 6177 3923 3346 4946 7260 1296 5329 6305 3983 3746 
24 6614 6292 3175 7283 4989 8236 1367 9677 7596 8924 1526 9285 6538 5316 5998 3081 6343 3678 1727 9486 2467 1101 8526 5016 
23 7115 3984 8325 7818 3966 8536 9658 8911 105 9777 9003 529 9021 6960 6604 9268 5759 1042 4741 5449 7437 6379 2021 
24 349 8105 7831 8994 4692 3956 1281 1723 6848 1709 2843 4292 3327 697 4319 2158 5932 9979 270 3982 4301 9847 8803 9642 
25 9790 2242 7018 9308 1947 9961 2591 3964 1618 9647 2460 5707 1818 119 6156 1992 4046 1190 2068 8087 5781 800 9493 1261 2742 
28 7515 7166 1987 5751 5664 9350 8554 7409 6762 9384 289 8779 5378 8112 8006 4811 5238 9085 5863 752 2593 6059 9953 970 1609 948 3234 8887 
25 4164 9296 2367 2937 113 2042 1708 3385 5761 1206 2604 8681 448 6416 2421 8608 8680 6396 7513 3787 6393 1127 2431 7815 7820 
24 2662 567 819 1793 8160 1888 7127 3496 5638 3428 663 4982 3742 8807 1692 4452 546 6174 7592 5382 6717 6750 6760 9841 
27 9511 3289 6311 2708 4626 8764 6099 2489 6741 6286 3135 9202 8163 1165 2445 8777 6331 4150 670 8077 3858 2013 5623 2112 3712 7424 9919 
25 6035 4313 4040 3664 1093 3801 9679 1222 8520 1521 4496 6500 3431 6601 715 9852 9672 8061 8775 3404 2080 3470 7830 855 624 
28 677 4324 3388 7926 3442 4165 9425 7630 4394 7469 8133 1663 8501 4445 5665 8034 5089 2343 4025 7118 3840 8013 1441 5487 1701 2074 1341 8426 
31 6399 5675 6297 3104 7229 1721 5142 1545 9585 8832 9797 6595 8715 749 7969 5270 1603 8138 6518 9934 7503 7688 4899 936 5619 837 3310 5795 9664 1034 1058 
28 2935 2633 7868 2720 5990 8747 1864 4857 5023 5900 4321 6847 1040 8970 4421 3828 6876 9495 8787 9694 627 5102 8322 5825 5420 684 9467 2702 
26 9902 1070 9649 1617 8362 4816 5318 4489 1537 9906 4450 6077 8002 9125 1055 413 7965 500 1470 9218 4961 4886 2313 5390 7271 1629 
27 5372 9863 8539 9456 6481 2761 6700 995 1336 9699 4475 7220 8176 7807 4534 4163 4787 6705 2618 6706 4812 149 639 7970 2850 8363 6932 
28 9094 9814 3985 8697 1546 379 5845 5773 9803 4903 6928 3485 2032 6269 9045 1471 8928 7538 1838 2749 5242 6070 6365 4440 9935 9324 7440 9309 
27 6254 8446 3419 5800 1573 4592 5157 7453 4587 2638 9334 5035 2825 7113 9557 1654 3217 761 1240 1460 9323 7316 8667 8529 2556 8330 2444 
23 3544 1683 8086 3323 4317 9883 308 8294 7449 2200 6237 5844 2479 788 3326 7150 4531 3773 4612 2352 1689 1917 8763 
24 7595 2655 32 9073 1219 3459 8884 4970 4455 2048 8713 4486 521 4370 7847 6489 4963 4194 2016 3737 3334 6539 8749 7553 
25 1807 8603 3159 4219 3559 8645 1908 7152 8436 5022 3189 9135 1653 9386 870 7193 3594 5120 5193 3869 6400 9035 5282 4222 3320 
23 5426 8397 3914 7415 1568 3596 2695 4761 1353 5385 3487 7892 6266 4358 8687 3337 5849 8799 8691 1570 9365 9103 5651 
24 1391 2968 8953 8324 9770 9743 817 6450 2007 8537 5941 6043 9134 1071 4584 3068 7301 8727 7732 780 2151 1977 5403 4287 
23 2975 8647 4597 2952 1337 6382 2770 4117 4350 824 5788 3601 607 1087 9549 2755 3115 5945 4095 2757 7885 3029 3430 
29 5252 5498 6562 2943 4054 6548 8442 2940 1323 4997 8851 4048 1291 6914 6085 5925 787 6991 5769 1952 6920 3680 579 4541 1188 7963 4334 6526 3272 
26 3356 9616 4351 8392 4952 5358 23 2789 3551 5760 9057 6822 3245 9266 9480 7305 5910 8050 4179 5167 202 2331 6271 3837 8792 6008 
33 9812 2485 6255 3717 4598 2501 4260 2399 5118 933 1322 8938 5447 4548 239 5226 3477 1301 8902 4295 7619 2897 2503 1907 6116 6913 1770 1354 4814 8288 7517 8666 7417 
29 8093 1168 3733 6276 4232 6332 4939 6736 6829 8865 829 2113 6501 3713 1350 6075 5000 9183 4183 6104 3838 5108 4444 7567 7582 8825 9471 2947 87 
24 7810 353 3653 1607 925 4197 1265 7497 9332 4415 3088 437 1404 5439 747 7834 1053 4549 8444 1719 7559 2116 6465 692 
24 4793 3001 3731 8367 3654 6260 9734 9687 5617 2545 1020 3706 6816 2062 4504 4683 9701 8045 632 6405 2588 3263 818 1743 
24 9516 5246 6417 8648 8420 5291 3370 5211 3281 8150 8398 9204 5510 9235 6216 4463 2844 5582 5125 1884 2087 3090 6249 420 
25 6154 4379 5923 8158 9676 8114 1931 7033 3603 4876 2924 4284 5492 3046 9352 3913 346 7651 1799 1849 4438 7459 6039 6957 5685 
25 1056 9441 8588 7261 7624 2616 5999 8741 8966 2437 6178 4359 300 7470 8522 1878 7666 7554 5190 2019 4200 46 2106 8558 4819 
23 9871 5132 1824 8116 1671 5319 8213 4836 4797 1041 6477 7430 918 9911 4144 5666 8352 8014 559 4412 381 756 8110 
23 5783 4704 7877 8916 1195 7524 7030 4532 7983 8978 2625 8428 3080 5591 4831 7714 5698 8021 9195 7019 9595 6066 5896 
22 6673 3830 1861 9917 3852 6961 7896 2316 2848 9759 9741 2031 5607 5786 6981 5073 6563 9009 428 6909 2502 9525 
23 1492 9457 1626 8627 3661 1123 2683 88 7617 7525 7348 1940 8106 9317 9072 3672 5953 6058 5559 3800 6525 5478 5171 
29 5124 3888 9059 4825 3622 2447 2392 5723 9599 451 2251 4498 2706 583 9182 3932 4895 9651 4081 5199 2411 6798 8512 1432 1236 2199 5813 6471 6256 
28 3813 4378 9976 6069 9260 453 7335 1896 5528 4842 2415 7693 2155 7302 375 4783 5349 3593 3641 2867 1225 7522 5101 8766 9660 5013 3416 8772 
24 7086 6728 3339 4280 4552 1890 463 3612 8022 5724 5913 8979 1840 8427 8547 3591 6163 673 7775 9379 4639 2542 7072 9327 
24 2358 6602 534 1627 4717 2163 1313 8226 8615 6469 7413 1872 2301 1075 9555 1175 9342 5191 964 3008 1874 5987 6460 8901 
26 1241 1804 2536 8662 3349 1028 8353 5068 2707 2553 8125 6188 2478 3814 9653 7916 5067 407 9171 6598 6952 5866 3705 4508 1639 5111 
29 9123 4715 50 2294 3119 9820 444 7889 4733 8168 3443 3264 6585 5153 4673 8108 2813 6575 7355 7443 9487 6617 5842 4402 151 3839 7836 5386 7359 
28 9993 5756 9665 828 538 2159 4766 762 6655 9731 1083 6586 4325 2192 912 9684 6128 1518 2046 9716 4443 580 1699 3535 3758 4393 8129 3089 
25 6776 4191 6779 8866 4422 4958 2733 5210 5957 7249 9275 369 9732 4430 1848 2172 7253 8262 7615 4774 2455 4161 1899 7656 9335 
31 6243 2473 5656 7519 707 826 915 6740 2767 3895 2986 7489 1867 2262 1444 2470 2332 6468 9364 1967 7845 257 5461 8443 2775 3110 9640 3395 3167 5285 568 
27 2632 9499 5474 8607 3533 2790 9372 1378 9469 7749 6879 4872 5400 3391 9361 3515 9376 6179 6965 4104 6650 953 882 1901 9749 3253 5536 
26 5717 5758 6723 7979 2764 1147 3617 7170 1503 2063 246 731 9453 7027 1775 9593 1911 2650 2084 4833 3061 8313 664 6123 2564 4340 
26 4148 6795 4091 8623 2566 7405 9075 6429 2673 1673 5566 3925 8415 7341 3027 8417 127 2389 9468 5249 2276 1508 6806 2217 9579 8965 
25 4722 9080 7574 5584 2713 629 9105 9838 5654 7773 285 3398 291 1834 8115 8231 1333 584 5225 7821 8784 7917 8937 6552 7279 
24 3134 6917 2703 1842 7973 4403 9546 4401 4630 6287 6107 7664 8203 7084 4596 4152 7683 6758 9101 5880 2786 8139 6662 9708 
25 3084 3841 6498 4131 374 3041 1829 4754 4700 7212 6502 293 6517 1248 2966 499 6380 8837 2998 6589 1510 1128 1180 6611 1875 
26 6334 4092 2800 3401 7689 6176 9291 7974 846 5914 6874 7079 8297 26 5311 4348 7246 7842 6316 5075 4300 522 4439 4564 7923 516 
24 7909 5011 6318 1997 8051 3665 4088 8305 7496 5677 3936 4436 201 8704 894 2856 7583 9724 4515 3422 2115 8225 5964 5911 
30 7447 3305 3638 5853 7603 8495 5144 4744 7700 4231 7365 8217 215 7294 6633 3822 61 2726 2666 4262 1049 8888 5530 8836 2990 9070 4308 4423 9926 547 
31 9439 4477 3426 2750 5711 6793 9313 4399 8194 7920 9181 2732 4 203 9720 1951 5628 3745 3566 8270 320 821 269 2286 5572 2802 4470 2579 2371 2355 1631 
24 8149 275 6790 4255 3199 8944 3213 5740 7635 6537 2030 8416 1612 4524 8689 9184 3456 4821 7053 4482 5775 7327 3761 4145 
32 6442 5630 1622 9807 427 7144 6873 9017 4619 1144 9968 972 3648 7493 6226 4931 233 3148 2845 7518 4702 5560 8412 2723 5912 5860 8004 3074 3525 4670 7598 8204 
24 7645 3803 6654 7337 6015 7846 7457 3726 9508 8641 391 6590 9766 386 487 7672 4328 4883 8340 4845 6947 8423 7001 1402 
21 3511 4824 7446 2471 973 6356 1906 7404 5168 7862 6109 977 5512 9652 7691 2222 4147 3276 4558 7237 1887 
26 7002 4709 6710 3048 9177 2689 1487 9678 2888 5457 5451 8319 4128 4747 576 1668 5982 7740 2383 5974 630 9380 5779 759 1538 1910 
25 6479 4483 9707 5884 3502 5353 5326 1484 4408 5589 4352 9074 2458 5846 8919 2551 541 4867 5620 5978 9974 5365 3279 7368 947 
27 6950 5947 9925 5695 8989 9154 4127 6124 1155 9433 896 1943 909 2597 1113 9160 128 7167 6052 2934 6275 7498 6394 8136 1435 17 7105 
29 2379 5136 9174 4286 5926 7925 3033 3986 3523 2577 432 406 9429 6544 5337 1934 1365 9681 8098 2614 7406 2127 7876 676 9900 1153 2047 9161 5292 
25 7661 8985 4357 1852 9517 7122 4290 4871 6856 9746 2468 4347 6729 8487 2899 6867 7476 1806 2746 4727 5335 7560 3802 2576 1845 
27 1253 7768 5227 5377 4674 2861 4905 5681 802 8986 3704 8560 6248 1531 8699 9941 252 3204 9706 2486 1023 1729 9967 5713 317 2426 7065 
28 6927 2859 6497 4900 3616 6129 108 1307 2204 9602 9315 8742 7296 5044 7040 2152 126 7473 6730 6410 7089 2514 1074 9064 3424 7010 9004 464 
24 5538 8306 3150 4576 4230 5790 7761 8123 6536 582 5408 7724 3808 6639 2725 8999 9046 943 1027 9840 725 1621 7600 2729 
26 5347 2307 3257 4250 7176 9128 7128 5174 3921 4418 6911 6977 3793 7014 5796 1416 3461 2936 4369 7912 4914 830 4579 6478 6691 6513 
37 7309 3483 8678 4712 8808 3250 8484 8716 5525 7914 1681 849 93 8118 7181 5818 5165 7929 2326 8812 2909 3532 4985 8708 2436 3129 5005 1015 4688 7441 5486 9428 6436 483 3988 6858 2882 
21 3853 6495 6716 2053 8686 7840 9431 6133 1287 6735 5596 3036 4896 2886 4146 5610 4703 4874 6577 6141 8941 
27 8797 3784 6094 6472 8349 8079 900 6164 3083 8905 4834 4011 9835 8958 8384 5879 9827 8638 6073 9615 1114 8793 3180 2291 7692 5640 351 
24 8857 9061 6887 3462 6587 3292 3052 8229 6671 5338 9069 6041 2029 9892 9565 5906 5 6925 5575 1018 6865 8776 7835 4375 
28 2128 3832 3058 7808 2310 6959 7766 4061 5606 7123 8182 7565 6298 5615 8371 8197 4039 9700 1532 4927 2161 5727 338 6342 148 9603 7490 8418 
22 7903 4372 2346 1548 6413 806 5940 3460 283 4419 7217 8445 1297 4181 5515 5828 9939 2210 1585 110 9918 213 
26 6949 7289 5915 6709 3848 543 9591 5274 4642 6743 7881 1149 8796 9338 9915 3699 3635 2356 4606 7949 992 6503 3453 6708 8335 43 
28 2724 2438 250 6850 4257 8244 7034 8873 6704 2090 4755 3247 1975 7667 3044 1581 3350 6067 963 6658 6240 1198 2261 9341 2780 7888 4932 1073 
28 3309 3301 3497 4441 9292 1843 7274 9491 562 5473 5593 755 8192 8930 6095 9199 6881 1029 6 4962 9169 931 504 6958 7550 2034 6310 6159 
28 1255 2620 6803 6553 2215 8790 4053 4361 8023 2465 3952 4832 2866 3244 8137 5930 5993 5975 6474 5172 7097 3777 1811 2275 4992 1606 8243 7425 
25 2634 646 3997 6051 1401 6451 5009 7488 645 1094 4478 3772 101 6362 5158 9586 1605 6747 9278 337 9399 5808 5817 9028 8302 
23 3651 449 9971 3643 8800 8975 8673 549 6645 1962 9403 1601 1679 7839 7070 7067 1600 6649 3130 7681 1865 6210 3410 
27 9522 2145 7541 1862 3306 6863 3063 8235 2517 371 8066 5994 8831 9855 530 2002 7171 652 3444 3667 5034 2055 1306 2395 1342 2099 8672 
27 8885 6009 1635 30 2305 6165 6529 9336 1021 7610 1744 738 2816 1318 4953 8365 1716 4937 2560 9162 9416 2170 7528 2869 6377 8482 9190 
23 1243 937 3650 6984 5444 2229 3529 5110 1463 1847 9978 8843 3585 6721 6924 991 9432 1347 2257 7964 6968 5568 4226 
27 6319 6470 3324 6355 8630 5646 1145 2285 8414 6386 6088 6739 9306 6403 5899 176 423 9226 7679 772 3924 4264 321 9302 5064 8462 8809 
24 8933 5939 2762 6317 6557 2853 5155 4481 4435 6301 6352 8233 8838 8065 7943 7190 8677 951 9262 9523 5021 6252 9300 8234 
25 999 9799 9385 334 5166 7062 218 8344 4995 2999 678 9066 5611 2287 4527 5971 4275 5888 5874 1552 1171 8251 7741 3002 2453 
32 3754 525 2248 227 9908 9289 6703 5036 8072 2908 9596 1319 2640 1163 865 8438 7564 9312 2675 9705 7762 4540 8636 3297 2434 1923 5297 843 8174 566 25 4297 
28 1608 2829 4869 4791 6480 5767 4007 8421 5325 4009 2123 9271 2205 6737 6153 1089 1836 5545 5342 3673 3607 5192 8015 8601 714 7895 5296 5816 
24 8543 545 2878 5791 775 6629 5894 4861 7408 2456 4633 2912 5340 7555 8379 2661 4512 9032 2370 6678 5470 9512 608 5867 
24 4614 7901 5055 7082 1637 1270 4462 2754 9836 3552 1039 221 8883 4371 2841 9556 5662 7827 7523 6757 249 4628 4908 8476 
27 4458 9110 4987 9767 9298 6023 1043 3729 8437 6997 4714 1016 2206 9422 372 9319 2004 2627 9510 1277 7063 556 6186 9711 5045 6837 3178 
27 524 5188 9099 7857 8144 3223 6367 3504 7250 2041 3414 1796 3015 6484 9713 2898 3481 8266 6835 3513 7629 359 9610 1326 3749 8081 5116 
23 6348 3314 8301 7226 2119 4784 2608 690 3806 4353 4424 4479 1161 7121 3232 5639 6713 7471 4706 2538 3721 8735 1613 
25 400 3522 8082 2818 4015 2830 3112 9459 6206 9912 1986 4026 5357 6063 8279 5290 5151 5996 2375 5214 8289 5870 3948 4608 9214 
28 8862 8625 6105 8612 6558 7711 2678 2156 2585 3100 1693 952 9022 8882 5503 2945 638 237 3510 6512 4431 5749 3421 1640 6727 6112 5587 4079 
26 6307 6217 1012 8157 5160 3040 2715 8455 196 8454 2626 891 8639 7185 8483 4846 3427 917 2716 6235 3194 4012 9347 7715 8752 8833 
28 4171 6851 2097 1421 7264 7219 2490 2409 8040 6807 2050 8058 2058 5901 1712 6345 4969 1980 3415 9083 8771 6659 1254 1453 9029 5644 4017 5029 
25 4756 331 7529 5873 125 5286 3107 6594 2359 5327 412 4485 1851 7631 2516 2240 9901 3994 475 2667 2842 1594 4643 4016 9643 
26 5200 5981 5924 6929 5771 4913 8585 8311 3514 8185 4400 1737 5429 4721 4983 9866 1138 9958 6666 3049 3243 4312 204 941 4074 4490 
25 9844 9470 8258 886 8609 8247 8475 7187 6092 7224 2425 4002 1483 5907 6383 1430 9092 8964 2311 96 7654 1428 8062 555 9545 
24 6447 5509 7399 3215 6715 1167 7731 2592 8987 8971 6361 3372 4274 3267 7509 9107 8524 9086 6567 5728 7669 4585 1661 3373 
27 6983 1141 3193 7890 6329 9127 8205 2259 7210 3268 4134 1381 9973 7323 462 9817 6419 8506 7745 9680 4882 3458 1390 8840 9659 6213 8218 
22 4115 7908 8875 3133 4192 1383 9949 656 3382 7904 6832 5373 8635 3998 7146 7817 7770 2413 4924 9818 8264 4173 
25 7336 5343 7801 9810 2191 40 6966 436 5202 5642 1835 9098 6921 6306 4000 7927 594 9928 3926 1812 4106 7032 796 7007 9225 
22 9043 4059 2188 8925 4525 8382 2601 8250 7718 3011 484 4617 8652 8153 3910 5117 2581 3989 7795 9448 7626 1046 
27 9445 3683 3028 345 9463 276 5048 3703 3834 1759 8981 2533 2277 5569 2669 6684 4740 2575 9789 6582 9620 6800 9587 52 852 8744 9772 
26 9860 3550 9528 8515 1024 3996 1455 4567 2884 8491 2602 9132 1830 8773 7699 6797 7208 1252 180 5641 5774 5605 5052 5122 954 6815 
27 1536 7803 8088 8292 6895 3076 8521 506 2722 9730 376 1780 3519 254 2126 264 140 6809 2938 4335 6057 1955 2388 3394 3960 8804 5956 
22 3645 339 5460 4129 2095 4246 2306 2507 1989 8736 2108 8488 3498 7247 6076 5145 7575 2039 2747 1009 8755 5361 
28 3317 2093 3219 1008 9349 5263 7729 1385 5661 8181 9031 341 5938 9002 823 2812 9052 7195 7727 8940 7141 1084 4798 1529 3315 1129 2120 5578 
27 5500 3748 4006 7552 485 4799 452 34 2241 7797 8581 2828 9608 384 7589 3407 4553 1309 7769 8679 2078 609 9082 6990 8973 5902 7956 
22 247 4097 8867 1657 6944 4693 7730 1419 8186 4965 9629 7719 3480 3762 7542 4064 7670 3633 3184 7223 1749 569 
24 510 1766 2622 8187 4205 4396 5258 7548 803 2978 3096 9112 3344 9239 1278 311 4690 4623 5181 7570 8762 174 6048 598 
30 4658 7411 6013 5128 1105 212 3859 4705 8751 4916 2570 4289 1351 6843 1104 4621 6862 1571 6196 6564 686 3684 231 3026 9133 8191 8738 6277 4956 6765 
32 1379 902 4539 9986 6524 8401 7270 1399 1004 531 2318 9956 572 4160 1895 2739 1580 8739 1205 5156 8240 1675 7987 1507 2132 8049 6652 8265 1166 5468 1841 5002 
27 564 4933 3409 4730 7292 1662 7016 143 6218 5367 8880 4582 1733 1761 644 6411 7068 1120 3399 6934 84 9438 9654 6110 1293 7363 184 
29 4659 8668 2855 9253 8760 1316 1722 1542 2493 3517 6191 6385 881 4138 2218 8712 3614 9401 4384 1809 7997 643 1982 3021 8156 5350 3154 8341 2891 
24 8651 6239 4666 7088 5320 1827 3619 2962 1732 4778 3774 5680 3930 1904 8101 3812 1763 1513 1409 641 8180 8791 1162 8485 
28 5746 6456 6849 9146 2274 6818 7272 2547 4120 4014 454 1672 6592 1033 4302 8053 5951 284 790 5737 2887 7125 6499 6146 3200 4675 6126 3397 
23 1902 2709 1177 7577 8827 4224 3564 4102 5083 2308 5686 8283 8303 3355 4218 3367 6464 5625 5398 244 8413 5854 8409 
25 7149 3342 3961 9744 812 1358 299 1885 6665 8368 1725 7311 1026 1294 3796 4472 3740 1298 680 8507 6291 5869 9514 9452 5827 
27 9224 2582 8036 6180 1170 703 179 7452 9089 8505 4267 923 3017 3887 8576 3495 9084 9068 6516 8860 181 5093 310 3718 7777 7168 1598 
23 4945 1457 1751 6897 1338 8331 8654 6985 8080 172 2821 103 7504 9768 3715 3053 5425 1209 8557 888 2613 1376 9286 
25 2508 4244 2408 6028 2334 5112 2213 2250 3451 1448 4636 6462 6596 3795 5633 1578 1212 6303 9206 6006 6773 5778 7607 7891 2135 
24 7562 3125 4789 877 4593 1199 2889 7511 6285 2571 3918 301 5039 1586 6644 887 8990 3565 2018 290 8122 9562 2290 8728 
26 1233 268 764 2001 273 2808 6194 7174 11 7791 8376 706 9671 801 5391 9560 8711 8664 4603 5565 4342 7905 6679 4566 5359 1215 
29 785 5567 658 6125 8090 3116 6136 7071 3488 3978 2973 7944 7507 7407 3229 6274 6127 1473 4822 2017 2181 914 8405 157 8929 618 9965 7597 9715 
25 6290 2457 3736 2735 3010 8517 6726 2219 232 3586 7823 4326 1758 949 4973 3685 8253 5929 4204 8373 6840 6208 3252 5754 2953 
25 6825 4045 842 1259 9936 3447 1918 9362 3338 7203 6407 4110 1213 3094 5345 240 6314 6560 1514 4202 5692 6701 5184 4537 7804 
29 8957 9957 6064 8453 3202 3938 1260 3360 3506 2341 1650 2512 9443 798 4657 4001 4406 9566 8605 8665 3554 7155 6996 3429 1262 6453 7605 8534 5629 
30 7642 183 4719 5267 7784 7501 1958 8587 7460 9831 2268 6970 2961 1422 5743 7334 2911 8556 5050 3621 4625 2014 7673 3578 2101 9205 4221 8402 8035 2260 
30 2400 7426 6759 2941 6992 4993 3465 1036 4024 171 8271 7280 8695 6350 9405 1868 7284 8597 8216 5636 4818 5272 2835 1515 5868 5070 4762 461 6304 282 
33 1937 7029 4928 7377 4588 2327 1933 9690 6122 450 4416 4488 9137 8282 5784 2035 4863 1426 8619 7352 2860 7544 4723 7502 4484 6764 6561 7774 9484 5453 7140 224 7581 
27 4288 1810 1707 4545 118 1300 136 9733 4986 3124 6799 9747 5935 9223 271 3656 4493 5194 6049 4990 6636 5871 1290 6964 6542 8816 7790 
23 6135 2797 6368 3531 4209 3163 9887 1146 2226 4911 1445 8550 9490 7282 3939 4154 9645 2700 1930 5577 9269 8124 9673 
26 9980 3374 1925 6878 3492 8553 3602 7112 2876 1740 3843 7978 9356 5687 1974 7398 4036 623 6149 7227 9173 7393 1488 447 3057 650 
21 5495 7838 3408 5851 7578 9780 8731 1182 8281 8899 9126 1314 9121 5469 9088 6431 4167 535 9331 9830 5496 
29 6808 4329 1451 1738 9509 8012 1990 109 5735 431 8490 5493 1173 6441 647 417 3139 3146 6838 4556 9808 6580 3576 2246 8287 8810 916 9482 2599 
24 4336 6114 8472 1539 1157 3682 8145 9339 693 3020 4186 7248 7763 8600 9580 6734 1814 5389 2211 319 41 1504 1061 4075 
25 1665 5212 5848 5543 4469 2504 1288 3524 5730 7985 4113 6978 9346 2149 7986 4535 8674 4245 6974 492 2129 7061 604 382 8135 
24 9051 5265 5887 9330 7052 9938 2731 4004 8844 3755 2809 1310 8904 9142 8010 6363 574 3940 8173 4042 511 6648 5053 3686 
25 6187 3588 8568 6205 3780 9210 216 8988 2094 6294 880 7652 6640 2745 6054 6535 8 4056 9907 7537 7444 7374 7882 4577 6506 
24 8091 6868 5504 7852 9821 5445 2890 9773 4680 5744 9139 3563 3241 3767 6571 7099 9188 9998 3237 9899 9856 2184 8336 6948 
31 1913 1355 5785 387 5115 4491 2295 5556 8847 4427 2103 1 4557 1245 9944 5220 3022 340 5934 8167 385 4139 6833 6631 6987 158 9631 6625 1360 8054 2902 
26 946 3549 1695 2529 6722 8660 6147 8606 7686 5948 884 62 458 5161 6591 2631 4954 2879 7657 9489 3789 7972 9605 7194 1450 4782 
25 2089 2572 7265 5351 9020 5829 1284 302 9666 8723 4151 5852 5433 8829 3043 2049 5162 1169 8942 5920 1007 8370 7950 4828 7533 
22 7676 2345 2748 132 8719 599 2511 6523 7037 3192 55 3867 3371 2858 7756 6020 1742 4775 4283 2668 9026 5221 
23 8048 5355 6358 2317 2653 8452 4571 8935 4166 6642 3302 5228 5542 5855 1420 9948 4176 893 7739 1731 198 5399 1357 
27 3584 4362 3473 5471 984 4640 4991 8616 4641 3106 8060 6454 8842 808 7612 3849 8435 6880 8151 2927 4767 7520 6045 115 6433 6215 6606 
25 6767 1148 348 4807 7209 782 1632 8199 3871 5406 5133 5548 9952 7263 7757 2798 5820 2885 2831 5244 6012 6279 979 6670 9229 
27 2381 8898 6089 7293 3050 1017 7236 6485 8433 867 7703 1384 5204 8348 3695 8688 8132 5313 845 3568 1025 2071 3012 2059 7117 2719 2796 
26 9771 4870 9373 1646 4580 5466 7755 6574 6831 2024 7133 3484 7360 3003 7422 8228 920 6293 7620 2664 6144 9526 4686 1596 6998 1032 
26 7104 4514 4543 6101 4808 3274 9348 3328 4547 6084 206 494 4637 9502 5289 4492 2314 114 1366 4461 5179 4337 4269 2300 3436 8189 
23 2925 3098 5224 3299 2580 9096 8881 6222 8304 3445 895 3286 9646 1576 4591 5331 6183 4248 5422 7023 7591 565 5436 
26 1226 5109 5725 1564 9924 2792 7066 5937 7375 7049 9097 229 9383 6955 9531 2676 7458 9930 8028 7134 997 965 2245 7366 6157 8798 
26 7754 6282 5647 9442 9607 1791 7124 4465 6733 4276 2344 1773 9100 9889 2270 307 8212 9357 989 1565 1628 4497 7143 364 7931 4083 
30 5065 2531 2950 4951 8545 3955 6341 2568 8992 2522 3209 575 7599 1468 8870 3131 6335 7506 7385 1837 5248 7887 733 5621 258 7526 2980 7816 8571 2776 
22 9862 9396 3379 1418 6511 5697 2759 9977 7933 3109 8693 8907 6830 5810 682 8037 298 6473 8868 1919 6923 2096 
24 6267 7286 3567 4726 2903 5119 6086 2267 5772 236 2233 4278 262 3977 4595 9537 729 5921 5657 1282 8459 7267 4695 8770 
23 3791 6137 5821 8951 2010 7043 5484 8358 1303 367 8466 7531 585 6025 2605 8861 9118 4862 6011 8102 9760 5936 4785 
23 653 508 9087 6660 1957 6486 6370 6134 9826 783 518 6962 370 4678 3262 2994 4604 3785 3870 8599 5803 8682 699 
27 6265 8914 7812 1541 1757 2541 1362 435 4069 6915 3295 6794 7960 2595 1927 6193 7475 532 4344 5150 8338 2207 732 2931 8318 8249 6646 
27 8982 5303 3195 1995 8492 6389 9527 2611 9417 2777 8403 5690 438 5081 9563 3884 2481 56 5770 1892 7534 1203 9962 6898 6573 6435 5411 
27 3097 2819 7743 9945 8239 605 840 8396 1496 2196 2065 4382 5549 5268 5991 6078 190 8701 8894 305 6131 860 5085 1160 9109 4309 2394 
29 76 838 5562 2256 6299 6201 8814 3825 5983 4561 9368 3047 1784 2958 7169 1922 3764 7608 2037 9122 6371 7325 5315 5521 9588 3625 7910 243 9454 
26 765 7392 6062 3376 9390 5502 7199 6686 4977 1748 9963 1656 8357 3908 6680 8967 745 9156 6568 468 1178 9625 5257 4270 6295 974 
25 5336 9784 8389 3720 9293 625 3230 3763 178 9234 1464 7410 9782 6549 5159 393 9464 9040 7026 3457 1356 1697 9078 4437 6971 
24 1912 1790 6836 8155 3618 5590 6079 8525 2365 3455 6309 9761 3652 4381 7035 9406 3959 5505 5980 7108 6098 2771 7938 1718 
35 9321 2231 6262 5069 6766 1274 6212 655 9034 6219 561 7340 8333 5095 3778 4178 3476 2203 5614 2969 1816 9237 3595 2057 3826 2781 8001 8821 5344 8296 7192 2681 3573 6108 3157 
24 4122 5658 8897 1973 3161 9842 2303 4239 6999 2896 3546 6846 3101 7438 129 5079 7665 8632 4261 3658 2737 4027 878 1978 
30 7864 263 3634 5033 95 4291 7307 7201 4851 7690 1022 9244 709 5712 3174 6360 8676 5653 1774 4926 8256 3541 8874 1914 8038 6906 5649 7779 7680 8932 
27 2865 1649 9725 8637 6038 1590 8950 4033 8154 1968 5186 5032 4132 6203 3627 8342 8430 5655 1475 97 7221 6312 969 7878 5058 4940 220 
21 832 4066 3438 7239 1863 6746 2530 6749 5710 2951 9698 6143 5622 2807 111 2543 9905 7968 6719 2871 1797 
28 6896 4517 4925 86 2939 7465 713 2244 6605 4906 7012 8657 4631 9691 7262 2406 1117 985 5805 4538 595 8748 8237 2778 7434 4174 6443 2337 
26 3637 9913 7907 9995 6253 8272 3927 7799 5007 8005 9001 99 8780 8575 9569 4096 3343 2705 6910 7585 7401 8477 2232 5099 64 3663 
32 2254 2779 1235 804 5222 1076 2550 7189 6357 2238 4878 1879 2360 5008 2187 3079 1998 9639 4034 899 8913 424 7158 7482 8509 2008 9663 6106 9638 7056 6725 4572 
24 3783 1276 6397 1088 6824 9207 735 1227 2176 6014 5419 6607 1832 479 847 3903 3610 3668 1946 439 2439 98 2110 7364 
25 2328 6118 9478 6302 2701 592 6457 4843 7546 1363 7556 5253 5764 495 2221 9150 573 4428 3687 3494 4656 4137 6492 9519 5705 
23 5375 1091 3396 3657 4397 2412 9264 8451 5927 5446 2040 7232 5063 16 1099 4476 7980 3032 8276 4215 3530 1702 3173 
27 7382 2906 6113 5755 9426 8020 9277 21 728 5475 7625 8104 7871 8998 1792 2472 633 2405 480 2136 879 4109 5402 4638 3318 9353 5216 
31 5893 5322 5472 2763 7036 2639 9576 9910 6003 7073 1176 2730 2167 7491 8064 6892 4586 3730 3896 2403 5464 3734 4919 2183 440 1786 4207 7994 2984 9991 3417 
28 7848 2753 2923 9763 9113 6834 9984 9023 3677 8671 6841 1889 7299 4635 9419 6707 4803 6788 7792 615 3284 8518 5688 6823 700 6903 1705 3928 
29 1670 6434 5374 9896 1634 193 3467 4691 297 3103 5348 1644 6908 2253 7351 9703 3844 2066 5986 4618 8714 5671 1086 1540 2036 8000 8469 4533 1397 
20 7100 186 2587 3807 5189 1469 6192 8702 614 5905 2026 9667 3708 3751 398 1406 8323 2697 8877 8456 
28 8056 490 4856 9460 4847 399 2983 2427 1765 926 4769 1110 6082 6859 1197 8473 2404 9542 2189 2671 7572 2946 2565 8633 7530 8955 173 5715 
23 2773 1097 3722 2464 1555 5702 2578 3390 7951 3820 5508 1556 8017 3108 7135 9650 3890 4434 3587 3570 6989 1078 6784 
27 6724 5602 9696 3282 5025 6508 6731 3165 2615 9574 4565 1183 9618 3805 5745 4296 6711 3967 1449 3293 9753 5314 9006 9176 9102 1948 7568 
31 9227 7233 6241 4395 9496 8375 7338 6820 9119 8406 539 5410 378 4809 7269 6181 1256 5414 8328 9326 1881 4374 7713 6467 4505 2506 1136 8008 9233 1877 2216 
26 9036 5858 7982 5369 2917 868 3881 5339 116 7483 3540 8706 7922 4199 1431 4664 8820 3786 2696 4984 3696 3539 1636 9152 1194 9377 
33 5519 8074 1090 8107 8343 7587 9554 8718 8705 9316 394 6321 7306 3474 7484 6001 9648 2423 9722 767 3547 4654 6446 9824 8179 4858 9735 1135 3352 160 380 5618 5631 
28 9882 8419 2237 3623 6406 5302 3214 7594 8170 2385 2435 3555 2721 5261 4480 7107 9994 5514 6630 3014 4682 8976 6637 2663 6170 8148 3275 8720 
28 9809 7414 144 4263 5024 6463 7561 6527 3771 7054 7326 3735 9626 9115 8528 7853 8830 9192 4884 3313 223 6459 3126 5485 9455 5797 4383 5513 
24 8471 9966 5669 6748 1440 6185 7915 4468 6931 5793 2157 8927 7959 5576 4948 6238 2972 6225 1268 8918 9920 2067 6432 5232 
27 1680 1400 5977 267 4277 7448 6103 2224 872 429 1768 3177 9609 6870 1417 2141 5601 6313 3472 358 7240 1373 3186 2454 1217 1003 9796 
29 6072 3435 4853 209 4251 4765 2350 8070 1610 9185 392 9019 7295 3137 5074 3694 2380 2985 982 2768 1238 1228 7514 75 768 7709 9513 6866 1465 
23 4213 6259 4790 1498 5768 8696 3799 4198 7946 8510 4315 7902 9387 3418 1651 3479 1694 6359 1972 6817 5139 737 7234 
29 4503 9783 8746 4086 9196 2606 7092 4294 8839 9854 944 7421 4667 1112 6593 9172 8255 8828 2419 6184 6150 4175 294 7935 4689 20 901 3059 4386 
28 9655 9476 2919 1370 2374 5885 4999 7075 8767 4087 8334 8850 7432 6202 5362 9287 8650 2015 6351 3580 3973 460 5452 718 7390 2366 7701 7151 
29 8076 9533 6988 5288 9147 2386 1553 980 2684 4023 383 9641 779 8280 8391 6171 4268 4332 3304 4500 7879 8411 225 8614 3608 5571 5488 7129 3560 
28 8997 2166 3087 5792 1438 4082 2644 6532 4168 7850 2028 5175 8422 9709 9959 8743 259 3283 3792 8202 362 5306 1776 662 6676 9729 791 1575 
26 831 9055 7396 5407 5706 8210 5177 7928 4187 5281 2963 9634 1820 1317 1263 9164 6714 4306 5722 2006 3170 517 8307 8350 748 8569 
25 3847 8480 7932 9534 621 2521 2462 1305 778 9969 4177 5586 6565 7939 5807 418 9553 5042 3341 578 5428 4090 793 9950 4341 
25 1077 7119 2877 3880 6994 4910 8479 4559 4887 4929 5137 1068 1915 9217 195 919 2691 33 2003 3500 8369 7213 9267 7055 9018 
28 6811 5333 2179 9815 6520 328 8248 5840 2510 1251 8993 5283 1467 5066 9444 242 5718 9544 5731 4998 6349 2562 5078 9329 3842 9656 3102 422 
25 4005 3311 2043 1710 6890 9033 1551 1403 4786 2727 2121 9943 6036 5164 4938 2293 6953 6938 1447 7172 9354 3572 7268 7319 5360 
25 7091 3759 3383 1315 6588 5520 9290 6033 6941 3362 8920 1172 2422 2894 7712 6388 5747 3369 5540 3228 7479 2967 797 9389 6619 
30 7632 3872 402 1932 4373 751 7472 4855 9867 9449 9515 94 6420 9203 1976 2981 7641 3402 2353 2281 3979 2428 8815 4051 7330 4112 6044 6221 758 3164 
28 1334 6860 3605 685 8567 7109 4959 2131 4750 6771 7235 65 5969 757 1616 1544 9044 6333 2064 9461 7050 514 6583 9721 5176 6145 2801 7621 
33 4601 7204 4949 6581 2060 4826 8128 6861 2698 8806 8730 1096 2111 8549 4234 7697 5684 2450 1979 5278 5517 3478 1677 5824 3405 9834 5660 7618 6772 100 235 1479 7521 
28 753 9322 3999 769 280 1232 5683 6204 9382 1325 5427 4840 6609 9404 5891 8670 7593 5456 9437 2312 6466 2320 9921 6852 3400 3018 6555 6168 
26 9630 2114 3212 6894 2433 5480 2880 540 7347 4518 857 2519 509 5734 3333 3620 637 5026 7215 5006 9981 3753 3714 8474 4776 473 
30 9242 8756 7551 9870 4804 8200 3260 8620 2085 5949 9604 5187 5012 4854 4413 8628 5579 8190 296 1499 9252 2390 9050 3892 9947 5295 8068 8142 5178 9877 
24 7005 7772 3526 8783 7990 5381 8165 1304 4779 1924 2642 9451 7636 6615 597 8284 8856 8196 7751 162 8968 5332 9108 3946 
28 3093 4912 1984 5553 8960 927 7841 1642 3006 1269 210 642 6327 3846 19 1279 3176 4043 6097 9755 4957 9067 5059 6551 4902 9819 3624 4866 
25 2336 557 507 1858 3490 5716 6158 3954 523 1543 5806 807 4738 9303 854 9886 2971 8974 5909 6182 6000 6296 4881 5477 9633 
27 4827 6002 1230 634 4169 8434 6521 6483 6554 7993 1124 9000 9845 478 7861 9801 4519 3345 261 7967 6690 419 8254 3078 6438 3070 636 
27 8846 5341 3254 8659 6541 70 8530 4100 9606 6272 3962 7764 1928 4316 544 6877 1655 5432 5404 4196 2148 5100 9859 9989 5861 6899 4647 
24 7860 4368 2376 48 2573 4471 5892 8826 6530 553 2806 7726 3711 3149 5004 5526 1137 1522 8381 3615 5380 2928 2373 4032 
26 1150 2804 8177 1080 8092 6620 6328 1602 5748 4511 8127 7287 1192 9369 6373 3707 968 3692 8895 6055 683 5180 8206 7436 3548 3358 
29 147 6584 3411 9987 635 1331 6401 6621 6939 7787 8293 9063 6458 8533 7394 73 7660 4227 7477 8602 9758 588 9811 3296 5438 674 2992 6761 4732 
30 8029 4460 6883 679 286 5431 4743 1839 3912 7353 489 4739 2997 8356 4676 8853 3901 6682 6777 2418 3829 4044 6081 8936 1674 5415 6844 9674 5603 8729 
24 1900 9895 5599 4238 2728 7308 9800 6685 9410 2154 414 1207 6289 15 9208 8761 7339 813 9295 5240 2011 9723 9025 6080 
26 1462 6369 8385 7579 396 1346 2612 9552 2348 5129 8891 8700 3987 1495 9611 6884 8685 7451 5585 1960 1739 5616 1477 8643 4020 1433 
25 4114 536 1970 932 7156 7516 7367 1122 6090 3976 1798 1057 7996 4544 3208 7211 4456 5230 1787 4155 5554 4021 6439 4243 5054 
25 2449 9751 7733 4745 7919 3929 8621 3475 7921 6919 6789 5898 5782 8582 7083 2518 1388 5819 619 3545 5729 3542 260 6415 7495 
28 3082 7859 587 613 1486 1985 6674 3666 5523 6390 159 8377 6505 2852 5080 8721 975 3205 5539 5826 4356 7819 51 8871 5203 5259 799 2323 
25 6173 8523 7527 5814 4873 1741 9668 1497 8634 7462 1964 871 9923 1726 7376 9853 408 9421 1563 6195 3348 4684 8876 827 5198 
24 456 2109 7197 9447 486 5752 2082 5256 9728 2558 3128 4252 7706 7873 8956 9212 930 1308 8317 9693 5219 1562 8577 3906 
29 4228 4330 1189 2258 6461 4645 741 2338 5481 363 2387 3499 698 5105 4979 7500 3332 6421 7558 9474 8511 3874 4734 7557 8429 3347 47 4013 7682 
23 4377 1941 8351 7357 6946 5719 940 1410 4554 2363 6528 6695 5558 8921 8425 6251 3287 1558 5363 9682 8794 7322 3508 
26 5260 1882 9320 3732 6693 2979 9685 9415 2741 8298 7913 1966 3640 3437 1159 4841 8823 7342 2118 708 7004 6893 4185 9250 8622 3300 
25 9394 5217 2164 2836 5489 3220 2432 3307 8801 1969 7814 3251 4216 1778 3325 7981 1085 1244 6026 9532 4716 1439 1696 3004 9582 
28 278 9407 6448 7966 3690 6951 3942 6780 5152 357 8208 8583 8043 7241 1993 2469 8552 6689 9598 6804 5458 7214 2315 9374 4889 3750 3464 1624 
23 996 7474 5020 6449 5757 2483 4975 3031 3817 5833 2402 4792 7856 6494 4589 2868 4890 4010 6718 771 9937 2410 6872 
24 2594 5552 727 6115 1394 9932 1140 2051 4651 7110 7677 3269 5490 3158 72 1520 4788 2791 373 8387 9187 6522 4516 6510 
23 4555 4195 2557 3631 3468 8024 5405 9788 1064 3340 3335 7695 9255 4101 401 4536 8813 8548 169 8690 889 2329 356 
28 6692 1272 9710 9041 1876 3240 8309 9238 1321 4281 5933 1494 5334 1755 5401 2956 2077 2862 3273 9774 3768 7809 770 6027 3879 2153 8642 6211 
24 2480 3697 866 5979 4729 4420 4063 3312 2339 513 4180 5984 7705 8263 5897 3413 3864 192 5776 7433 5843 7349 3609 7191 
24 4768 8926 4211 7704 8162 9221 4795 8374 7844 695 3132 1339 122 8260 3091 9247 8991 5839 6323 7255 512 1736 7687 9914 
26 4073 8268 6643 9778 705 8083 5038 6344 6888 1234 1855 2598 5213 9577 9624 166 2102 199 4391 9138 3386 141 9170 1344 1231 9333 
28 8996 5169 7880 1052 3248 5624 4432 2171 1516 2647 8326 9787 44 1059 9689 6641 9402 3845 2279 1490 6826 8629 4510 6954 8030 4520 6768 4976 
21 1493 9065 154 5659 8171 3604 5787 5574 809 8221 8126 1991 9578 5635 5592 1828 1633 8834 1905 8032 9736 
24 3203 4093 1688 2461 433 4671 1869 1481 8159 2692 18 4070 2977 4076 805 9955 9916 7753 1311 2239 5950 9325 9748 1714 
29 4701 9702 7663 8290 1119 7387 7186 2185 2688 2500 6102 5962 5143 5903 1936 5441 5551 9564 6172 5040 9857 2814 5573 117 3095 2296 7734 8962 8910 
26 3583 9270 6531 6647 9613 9240 4707 5847 4103 6491 9314 165 5397 3744 856 9982 2988 4265 8300 5047 7328 3993 3797 194 7094 8027 
27 9942 6942 7622 7957 5942 7096 2173 9039 9337 2144 825 8071 8589 1844 3675 8785 4298 4749 519 1686 3738 5264 4653 2033 2273 4343 3655 
30 6632 5321 6936 7126 5051 4162 9619 8864 4273 107 2561 323 8540 7231 3582 721 3556 7685 7510 4610 3521 9124 1201 5096 4143 8817 6324 6907 8458 7924 
30 3392 2175 4661 1108 9876 404 3280 9804 4266 1860 4156 1320 3221 8892 1794 6742 8618 5529 251 5330 2487 1289 9675 3364 1850 59 4201 2907 9983 5280 
25 6943 1446 9501 7771 8131 4964 8069 3528 6675 142 875 8188 9726 2646 3644 1045 7022 1523 9149 57 2488 9637 1006 8329 7064 
24 617 9869 9274 27 4796 2834 5694 7543 2793 4237 2785 7163 6698 4153 7288 4735 230 4885 7178 3377 2826 66 1724 434 
26 1704 2892 3207 2670 4810 2284 4060 4072 7512 9538 898 5857 1054 7948 5561 7505 9571 5017 6366 29 5823 4285 7945 9996 2824 2382 
30 2900 7074 1037 2092 9197 2918 5483 1935 6546 5989 7057 6100 6995 2630 3114 5146 7736 2477 2857 7867 1116 9878 3674 9466 4241 9964 5988 7870 3509 1961 
25 7988 4354 4971 2282 7416 5308 4028 6376 7090 744 8314 9427 8740 5092 4921 2499 9623 1866 4126 3882 9299 2982 2342 5531 238 
26 4346 5113 31 1593 7893 3629 7370 1106 7758 7051 4528 7616 3811 1615 3196 763 3953 4955 1151 4499 8395 6515 4240 8984 287 9551 
23 3868 6677 4526 7160 8161 6622 3009 208 344 5149 4363 6667 3226 1107 3934 459 6572 5437 3277 8788 9597 9550 2280 
28 3642 8943 7031 724 9985 5269 8498 2710 4988 7494 8758 890 5423 2682 2429 6050 988 5182 2105 6071 8890 3197 9894 8889 8041 9572 9423 1352 
28 2515 3949 7580 7992 5323 8972 8710 6330 279 9575 5612 4892 2617 7906 5328 1728 4947 6519 9535 3689 9494 6979 5305 3023 3553 3728 1549 5412 
28 7735 4568 6514 6047 590 4380 8211 6672 7445 8675 6918 2088 1547 7940 471 6937 9781 9047 3981 9644 589 9697 9547 8089 1859 9540 1102 3127 
24 446 945 4339 4464 8963 6236 2124 9825 9922 8802 1584 7481 5732 3747 841 6922 3013 3224 1525 3066 2492 5627 2942 6246 
25 2838 214 6792 9931 1567 593 2230 9375 5352 9418 3716 9259 6010 1095 3760 7059 4320 3863 905 651 7182 5648 9786 7450 347 
23 739 7093 5850 8922 904 9843 9420 6018 2448 3365 8886 5310 959 3781 5215 7116 85 189 9397 3298 5479 8178 2195 
29 5001 9897 9257 274 9614 1682 7466 9750 5830 314 7824 7429 8448 8238 4600 7273 3965 3151 5643 9558 1519 5317 7486 2645 505 669 7750 8075 9813 
28 1685 5223 9340 6902 3166 7085 8214 8610 6775 5700 5236 4235 4068 2944 4206 2756 9632 4542 7776 6967 3433 2589 2657 153 730 8805 3600 1098 
