3 296 63 38 
3 281 19 143 
3 161 219 231 
3 256 18 74 
3 206 205 102 
3 228 142 160 
2 95 114 
3 209 69 48 
4 13 253 150 268 
3 290 269 81 
3 127 178 52 
2 201 25 
5 196 155 99 179 234 
2 59 89 
5 75 287 65 167 221 
3 224 279 141 
3 170 8 202 
4 0 225 267 220 
3 35 164 5 
2 242 194 
3 123 198 54 
4 152 247 46 88 
3 121 261 200 
3 266 241 129 
3 14 249 276 
2 68 212 
3 140 16 166 
3 113 289 258 
4 149 163 184 274 
2 156 23 
2 265 145 
5 177 34 118 100 90 
4 27 91 17 159 
3 214 197 263 
3 101 47 110 
3 61 240 223 
5 250 29 254 172 255 
2 233 181 
4 252 87 40 246 
3 288 117 299 
2 98 83 
3 272 97 270 
4 273 229 37 286 
3 67 239 297 
3 105 162 144 
2 12 230 
2 294 1 
4 82 237 147 24 
2 43 157 
2 107 96 
4 146 291 28 236 
3 136 182 73 
6 215 93 186 51 122 134 
2 154 190 
5 132 191 168 120 125 
3 148 292 232 
3 106 26 222 
2 180 285 
3 21 71 2 
2 119 124 
4 30 235 109 128 
2 260 131 
1 259 
3 283 295 173 
2 104 245 
3 112 66 169 
3 58 284 42 
2 216 298 
3 62 20 251 
4 111 64 36 275 
4 39 86 4 72 
2 244 11 
5 248 45 210 9 264 
2 85 257 
4 192 130 31 203 
4 3 44 153 176 
3 60 79 271 
3 133 151 41 
2 208 171 
2 15 49 
4 139 76 57 6 
6 278 7 55 84 187 138 
3 207 188 56 
3 78 204 115 
3 218 262 158 
3 70 195 116 
1 293 
2 103 135 
3 108 277 280 
4 227 137 77 211 
2 80 32 
2 174 50 
3 126 183 199 
1 213 
1 33 
3 92 53 226 
2 94 10 
2 243 22 
3 189 165 185 
5 193 175 238 217 282 
